{"/home/thuandang/Desktop/Game Store/src/App.tsx": {"path":"/home/thuandang/Desktop/Game Store/src/App.tsx","statementMap":{"0":{"start":{"line":10,"column":12},"end":{"line":20,"column":1}},"1":{"start":{"line":11,"column":2},"end":{"line":19,"column":3}}},"fnMap":{"0":{"name":"(anonymous_0)","decl":{"start":{"line":10,"column":12},"end":{"line":10,"column":13}},"loc":{"start":{"line":10,"column":18},"end":{"line":20,"column":1}},"line":10}},"branchMap":{},"s":{"0":0,"1":0},"f":{"0":0},"b":{}}
,"/home/thuandang/Desktop/Game Store/src/components/Avatar/index.styled.ts": {"path":"/home/thuandang/Desktop/Game Store/src/components/Avatar/index.styled.ts","statementMap":{"0":{"start":{"line":9,"column":21},"end":{"line":13,"column":1}},"1":{"start":{"line":10,"column":15},"end":{"line":10,"column":39}},"2":{"start":{"line":11,"column":15},"end":{"line":11,"column":41}},"3":{"start":{"line":12,"column":15},"end":{"line":12,"column":54}}},"fnMap":{"0":{"name":"(anonymous_0)","decl":{"start":{"line":10,"column":4},"end":{"line":10,"column":5}},"loc":{"start":{"line":10,"column":15},"end":{"line":10,"column":39}},"line":10},"1":{"name":"(anonymous_1)","decl":{"start":{"line":11,"column":4},"end":{"line":11,"column":5}},"loc":{"start":{"line":11,"column":15},"end":{"line":11,"column":41}},"line":11},"2":{"name":"(anonymous_2)","decl":{"start":{"line":12,"column":4},"end":{"line":12,"column":5}},"loc":{"start":{"line":12,"column":15},"end":{"line":12,"column":54}},"line":12}},"branchMap":{},"s":{"0":4,"1":6,"2":6,"3":6},"f":{"0":6,"1":6,"2":6},"b":{},"_coverageSchema":"1a1c01bbd47fc00a2c39e90264f33305004495a9","hash":"00aecf1c1de138445b1c175f30f973efd10ac0aa"}
,"/home/thuandang/Desktop/Game Store/src/components/Avatar/index.tsx": {"path":"/home/thuandang/Desktop/Game Store/src/components/Avatar/index.tsx","statementMap":{"0":{"start":{"line":13,"column":15},"end":{"line":27,"column":1}},"1":{"start":{"line":20,"column":2},"end":{"line":26,"column":4}}},"fnMap":{"0":{"name":"(anonymous_0)","decl":{"start":{"line":13,"column":15},"end":{"line":13,"column":16}},"loc":{"start":{"line":20,"column":2},"end":{"line":26,"column":4}},"line":20}},"branchMap":{"0":{"loc":{"start":{"line":14,"column":2},"end":{"line":14,"column":13}},"type":"default-arg","locations":[{"start":{"line":14,"column":10},"end":{"line":14,"column":13}}],"line":14},"1":{"loc":{"start":{"line":15,"column":2},"end":{"line":15,"column":14}},"type":"default-arg","locations":[{"start":{"line":15,"column":11},"end":{"line":15,"column":14}}],"line":15},"2":{"loc":{"start":{"line":17,"column":2},"end":{"line":17,"column":17}},"type":"default-arg","locations":[{"start":{"line":17,"column":8},"end":{"line":17,"column":17}}],"line":17}},"s":{"0":4,"1":6},"f":{"0":6},"b":{"0":[0],"1":[0],"2":[0]},"_coverageSchema":"1a1c01bbd47fc00a2c39e90264f33305004495a9","hash":"ebfff0c8dbbb7df9bdbd24510480695c1620df3a"}
,"/home/thuandang/Desktop/Game Store/src/components/Button/index.styled.ts": {"path":"/home/thuandang/Desktop/Game Store/src/components/Button/index.styled.ts","statementMap":{"0":{"start":{"line":10,"column":32},"end":{"line":16,"column":1}},"1":{"start":{"line":11,"column":15},"end":{"line":11,"column":54}},"2":{"start":{"line":12,"column":15},"end":{"line":12,"column":57}},"3":{"start":{"line":13,"column":15},"end":{"line":13,"column":50}},"4":{"start":{"line":18,"column":34},"end":{"line":22,"column":1}},"5":{"start":{"line":21,"column":15},"end":{"line":21,"column":71}}},"fnMap":{"0":{"name":"(anonymous_0)","decl":{"start":{"line":11,"column":4},"end":{"line":11,"column":5}},"loc":{"start":{"line":11,"column":15},"end":{"line":11,"column":54}},"line":11},"1":{"name":"(anonymous_1)","decl":{"start":{"line":12,"column":4},"end":{"line":12,"column":5}},"loc":{"start":{"line":12,"column":15},"end":{"line":12,"column":57}},"line":12},"2":{"name":"(anonymous_2)","decl":{"start":{"line":13,"column":4},"end":{"line":13,"column":5}},"loc":{"start":{"line":13,"column":15},"end":{"line":13,"column":50}},"line":13},"3":{"name":"(anonymous_3)","decl":{"start":{"line":21,"column":4},"end":{"line":21,"column":5}},"loc":{"start":{"line":21,"column":15},"end":{"line":21,"column":71}},"line":21}},"branchMap":{"0":{"loc":{"start":{"line":11,"column":15},"end":{"line":11,"column":54}},"type":"binary-expr","locations":[{"start":{"line":11,"column":15},"end":{"line":11,"column":26}},{"start":{"line":11,"column":30},"end":{"line":11,"column":54}}],"line":11},"1":{"loc":{"start":{"line":12,"column":15},"end":{"line":12,"column":57}},"type":"binary-expr","locations":[{"start":{"line":12,"column":15},"end":{"line":12,"column":27}},{"start":{"line":12,"column":31},"end":{"line":12,"column":57}}],"line":12},"2":{"loc":{"start":{"line":21,"column":15},"end":{"line":21,"column":71}},"type":"binary-expr","locations":[{"start":{"line":21,"column":15},"end":{"line":21,"column":32}},{"start":{"line":21,"column":36},"end":{"line":21,"column":71}}],"line":21}},"s":{"0":4,"1":28,"2":28,"3":28,"4":4,"5":12},"f":{"0":28,"1":28,"2":28,"3":12},"b":{"0":[28,28],"1":[28,28],"2":[12,10]},"_coverageSchema":"1a1c01bbd47fc00a2c39e90264f33305004495a9","hash":"ecd1c7e666efe48d57367d5ac0a940e0e2e92925"}
,"/home/thuandang/Desktop/Game Store/src/components/Button/index.tsx": {"path":"/home/thuandang/Desktop/Game Store/src/components/Button/index.tsx","statementMap":{"0":{"start":{"line":14,"column":15},"end":{"line":43,"column":1}},"1":{"start":{"line":22,"column":2},"end":{"line":42,"column":5}}},"fnMap":{"0":{"name":"(anonymous_0)","decl":{"start":{"line":14,"column":15},"end":{"line":14,"column":16}},"loc":{"start":{"line":22,"column":2},"end":{"line":42,"column":5}},"line":22}},"branchMap":{"0":{"loc":{"start":{"line":15,"column":2},"end":{"line":15,"column":12}},"type":"default-arg","locations":[{"start":{"line":15,"column":10},"end":{"line":15,"column":12}}],"line":15},"1":{"loc":{"start":{"line":16,"column":2},"end":{"line":16,"column":13}},"type":"default-arg","locations":[{"start":{"line":16,"column":11},"end":{"line":16,"column":13}}],"line":16},"2":{"loc":{"start":{"line":18,"column":2},"end":{"line":18,"column":18}},"type":"default-arg","locations":[{"start":{"line":18,"column":13},"end":{"line":18,"column":18}}],"line":18},"3":{"loc":{"start":{"line":23,"column":5},"end":{"line":41,"column":5}},"type":"cond-expr","locations":[{"start":{"line":24,"column":6},"end":{"line":31,"column":27}},{"start":{"line":33,"column":6},"end":{"line":40,"column":25}}],"line":23}},"s":{"0":4,"1":28},"f":{"0":28},"b":{"0":[27],"1":[27],"2":[0],"3":[12,16]},"_coverageSchema":"1a1c01bbd47fc00a2c39e90264f33305004495a9","hash":"407534b50285d588bf1f7319b365bfb0f935a7a2"}
,"/home/thuandang/Desktop/Game Store/src/components/CardItem/index.styled.ts": {"path":"/home/thuandang/Desktop/Game Store/src/components/CardItem/index.styled.ts","statementMap":{"0":{"start":{"line":12,"column":23},"end":{"line":26,"column":1}},"1":{"start":{"line":14,"column":4},"end":{"line":14,"column":78}},"2":{"start":{"line":16,"column":4},"end":{"line":18,"column":33}},"3":{"start":{"line":22,"column":27},"end":{"line":22,"column":67}},"4":{"start":{"line":23,"column":37},"end":{"line":23,"column":54}},"5":{"start":{"line":24,"column":32},"end":{"line":24,"column":68}},"6":{"start":{"line":28,"column":29},"end":{"line":35,"column":1}},"7":{"start":{"line":29,"column":23},"end":{"line":29,"column":59}},"8":{"start":{"line":30,"column":24},"end":{"line":30,"column":60}},"9":{"start":{"line":37,"column":26},"end":{"line":40,"column":1}},"10":{"start":{"line":42,"column":24},"end":{"line":46,"column":1}},"11":{"start":{"line":43,"column":26},"end":{"line":43,"column":41}},"12":{"start":{"line":44,"column":15},"end":{"line":44,"column":68}},"13":{"start":{"line":45,"column":15},"end":{"line":45,"column":69}},"14":{"start":{"line":48,"column":23},"end":{"line":52,"column":1}},"15":{"start":{"line":49,"column":26},"end":{"line":49,"column":40}},"16":{"start":{"line":50,"column":15},"end":{"line":50,"column":67}},"17":{"start":{"line":51,"column":15},"end":{"line":51,"column":69}}},"fnMap":{"0":{"name":"(anonymous_0)","decl":{"start":{"line":13,"column":11},"end":{"line":13,"column":12}},"loc":{"start":{"line":14,"column":4},"end":{"line":14,"column":78}},"line":14},"1":{"name":"(anonymous_1)","decl":{"start":{"line":15,"column":12},"end":{"line":15,"column":13}},"loc":{"start":{"line":16,"column":4},"end":{"line":18,"column":33}},"line":16},"2":{"name":"(anonymous_2)","decl":{"start":{"line":22,"column":16},"end":{"line":22,"column":17}},"loc":{"start":{"line":22,"column":27},"end":{"line":22,"column":67}},"line":22},"3":{"name":"(anonymous_3)","decl":{"start":{"line":23,"column":22},"end":{"line":23,"column":23}},"loc":{"start":{"line":23,"column":37},"end":{"line":23,"column":54}},"line":23},"4":{"name":"(anonymous_4)","decl":{"start":{"line":24,"column":20},"end":{"line":24,"column":21}},"loc":{"start":{"line":24,"column":32},"end":{"line":24,"column":68}},"line":24},"5":{"name":"(anonymous_5)","decl":{"start":{"line":29,"column":11},"end":{"line":29,"column":12}},"loc":{"start":{"line":29,"column":23},"end":{"line":29,"column":59}},"line":29},"6":{"name":"(anonymous_6)","decl":{"start":{"line":30,"column":12},"end":{"line":30,"column":13}},"loc":{"start":{"line":30,"column":24},"end":{"line":30,"column":60}},"line":30},"7":{"name":"(anonymous_7)","decl":{"start":{"line":43,"column":11},"end":{"line":43,"column":12}},"loc":{"start":{"line":43,"column":26},"end":{"line":43,"column":41}},"line":43},"8":{"name":"(anonymous_8)","decl":{"start":{"line":44,"column":4},"end":{"line":44,"column":5}},"loc":{"start":{"line":44,"column":15},"end":{"line":44,"column":68}},"line":44},"9":{"name":"(anonymous_9)","decl":{"start":{"line":45,"column":4},"end":{"line":45,"column":5}},"loc":{"start":{"line":45,"column":15},"end":{"line":45,"column":69}},"line":45},"10":{"name":"(anonymous_10)","decl":{"start":{"line":49,"column":11},"end":{"line":49,"column":12}},"loc":{"start":{"line":49,"column":26},"end":{"line":49,"column":40}},"line":49},"11":{"name":"(anonymous_11)","decl":{"start":{"line":50,"column":4},"end":{"line":50,"column":5}},"loc":{"start":{"line":50,"column":15},"end":{"line":50,"column":67}},"line":50},"12":{"name":"(anonymous_12)","decl":{"start":{"line":51,"column":4},"end":{"line":51,"column":5}},"loc":{"start":{"line":51,"column":15},"end":{"line":51,"column":69}},"line":51}},"branchMap":{"0":{"loc":{"start":{"line":14,"column":4},"end":{"line":14,"column":78}},"type":"cond-expr","locations":[{"start":{"line":14,"column":23},"end":{"line":14,"column":47}},{"start":{"line":14,"column":50},"end":{"line":14,"column":78}}],"line":14},"1":{"loc":{"start":{"line":16,"column":4},"end":{"line":18,"column":33}},"type":"cond-expr","locations":[{"start":{"line":17,"column":8},"end":{"line":17,"column":37}},{"start":{"line":18,"column":8},"end":{"line":18,"column":33}}],"line":16},"2":{"loc":{"start":{"line":22,"column":27},"end":{"line":22,"column":67}},"type":"cond-expr","locations":[{"start":{"line":22,"column":46},"end":{"line":22,"column":56}},{"start":{"line":22,"column":59},"end":{"line":22,"column":67}}],"line":22},"3":{"loc":{"start":{"line":24,"column":32},"end":{"line":24,"column":68}},"type":"cond-expr","locations":[{"start":{"line":24,"column":51},"end":{"line":24,"column":60}},{"start":{"line":24,"column":63},"end":{"line":24,"column":68}}],"line":24},"4":{"loc":{"start":{"line":29,"column":23},"end":{"line":29,"column":59}},"type":"cond-expr","locations":[{"start":{"line":29,"column":42},"end":{"line":29,"column":49}},{"start":{"line":29,"column":52},"end":{"line":29,"column":59}}],"line":29},"5":{"loc":{"start":{"line":30,"column":24},"end":{"line":30,"column":60}},"type":"cond-expr","locations":[{"start":{"line":30,"column":43},"end":{"line":30,"column":50}},{"start":{"line":30,"column":53},"end":{"line":30,"column":60}}],"line":30},"6":{"loc":{"start":{"line":44,"column":15},"end":{"line":44,"column":68}},"type":"binary-expr","locations":[{"start":{"line":44,"column":15},"end":{"line":44,"column":32}},{"start":{"line":44,"column":36},"end":{"line":44,"column":68}}],"line":44},"7":{"loc":{"start":{"line":45,"column":15},"end":{"line":45,"column":69}},"type":"binary-expr","locations":[{"start":{"line":45,"column":15},"end":{"line":45,"column":32}},{"start":{"line":45,"column":36},"end":{"line":45,"column":69}}],"line":45},"8":{"loc":{"start":{"line":50,"column":15},"end":{"line":50,"column":67}},"type":"binary-expr","locations":[{"start":{"line":50,"column":15},"end":{"line":50,"column":32}},{"start":{"line":50,"column":36},"end":{"line":50,"column":67}}],"line":50},"9":{"loc":{"start":{"line":51,"column":15},"end":{"line":51,"column":69}},"type":"binary-expr","locations":[{"start":{"line":51,"column":15},"end":{"line":51,"column":32}},{"start":{"line":51,"column":36},"end":{"line":51,"column":69}}],"line":51}},"s":{"0":2,"1":2,"2":2,"3":2,"4":2,"5":2,"6":2,"7":2,"8":2,"9":2,"10":2,"11":2,"12":2,"13":2,"14":2,"15":4,"16":4,"17":4},"f":{"0":2,"1":2,"2":2,"3":2,"4":2,"5":2,"6":2,"7":2,"8":2,"9":2,"10":4,"11":4,"12":4},"b":{"0":[2,0],"1":[2,0],"2":[2,0],"3":[2,0],"4":[2,0],"5":[2,0],"6":[2,0],"7":[2,0],"8":[4,0],"9":[4,0]},"_coverageSchema":"1a1c01bbd47fc00a2c39e90264f33305004495a9","hash":"b136951a72d17f4da4005fccc52ba54cefc5ccb4"}
,"/home/thuandang/Desktop/Game Store/src/components/CardItem/index.tsx": {"path":"/home/thuandang/Desktop/Game Store/src/components/CardItem/index.tsx","statementMap":{"0":{"start":{"line":21,"column":17},"end":{"line":52,"column":1}},"1":{"start":{"line":26,"column":22},"end":{"line":28,"column":8}},"2":{"start":{"line":27,"column":4},"end":{"line":27,"column":28}},"3":{"start":{"line":30,"column":2},"end":{"line":51,"column":4}}},"fnMap":{"0":{"name":"(anonymous_0)","decl":{"start":{"line":21,"column":17},"end":{"line":21,"column":18}},"loc":{"start":{"line":25,"column":41},"end":{"line":52,"column":1}},"line":25},"1":{"name":"(anonymous_1)","decl":{"start":{"line":26,"column":34},"end":{"line":26,"column":35}},"loc":{"start":{"line":26,"column":46},"end":{"line":28,"column":3}},"line":26}},"branchMap":{"0":{"loc":{"start":{"line":41,"column":17},"end":{"line":41,"column":39}},"type":"cond-expr","locations":[{"start":{"line":41,"column":30},"end":{"line":41,"column":33}},{"start":{"line":41,"column":36},"end":{"line":41,"column":39}}],"line":41},"1":{"loc":{"start":{"line":42,"column":18},"end":{"line":42,"column":40}},"type":"cond-expr","locations":[{"start":{"line":42,"column":31},"end":{"line":42,"column":34}},{"start":{"line":42,"column":37},"end":{"line":42,"column":40}}],"line":42}},"s":{"0":2,"1":2,"2":1,"3":2},"f":{"0":2,"1":1},"b":{"0":[2,0],"1":[2,0]},"_coverageSchema":"1a1c01bbd47fc00a2c39e90264f33305004495a9","hash":"43ab3e93ccaa9673b9db07c5486d485584e08a54"}
,"/home/thuandang/Desktop/Game Store/src/components/Category/index.styled.ts": {"path":"/home/thuandang/Desktop/Game Store/src/components/Category/index.styled.ts","statementMap":{"0":{"start":{"line":10,"column":30},"end":{"line":19,"column":1}},"1":{"start":{"line":17,"column":37},"end":{"line":17,"column":54}},"2":{"start":{"line":21,"column":23},"end":{"line":24,"column":1}},"3":{"start":{"line":26,"column":24},"end":{"line":33,"column":1}},"4":{"start":{"line":32,"column":15},"end":{"line":32,"column":51}},"5":{"start":{"line":35,"column":28},"end":{"line":40,"column":1}},"6":{"start":{"line":42,"column":27},"end":{"line":45,"column":1}},"7":{"start":{"line":44,"column":26},"end":{"line":44,"column":41}},"8":{"start":{"line":47,"column":20},"end":{"line":49,"column":1}},"9":{"start":{"line":48,"column":26},"end":{"line":48,"column":40}}},"fnMap":{"0":{"name":"(anonymous_0)","decl":{"start":{"line":17,"column":22},"end":{"line":17,"column":23}},"loc":{"start":{"line":17,"column":37},"end":{"line":17,"column":54}},"line":17},"1":{"name":"(anonymous_1)","decl":{"start":{"line":32,"column":4},"end":{"line":32,"column":5}},"loc":{"start":{"line":32,"column":15},"end":{"line":32,"column":51}},"line":32},"2":{"name":"(anonymous_2)","decl":{"start":{"line":44,"column":11},"end":{"line":44,"column":12}},"loc":{"start":{"line":44,"column":26},"end":{"line":44,"column":41}},"line":44},"3":{"name":"(anonymous_3)","decl":{"start":{"line":48,"column":11},"end":{"line":48,"column":12}},"loc":{"start":{"line":48,"column":26},"end":{"line":48,"column":40}},"line":48}},"branchMap":{},"s":{"0":2,"1":6,"2":2,"3":2,"4":6,"5":2,"6":2,"7":6,"8":2,"9":6},"f":{"0":6,"1":6,"2":6,"3":6},"b":{},"_coverageSchema":"1a1c01bbd47fc00a2c39e90264f33305004495a9","hash":"6c3619d159a352ccabe195a07755fac4f7535e04"}
,"/home/thuandang/Desktop/Game Store/src/components/Category/index.tsx": {"path":"/home/thuandang/Desktop/Game Store/src/components/Category/index.tsx","statementMap":{"0":{"start":{"line":22,"column":17},"end":{"line":49,"column":1}},"1":{"start":{"line":26,"column":26},"end":{"line":26,"column":41}},"2":{"start":{"line":28,"column":31},"end":{"line":33,"column":19}},"3":{"start":{"line":30,"column":4},"end":{"line":30,"column":41}},"4":{"start":{"line":30,"column":34},"end":{"line":30,"column":41}},"5":{"start":{"line":32,"column":4},"end":{"line":32,"column":25}},"6":{"start":{"line":35,"column":2},"end":{"line":48,"column":4}}},"fnMap":{"0":{"name":"(anonymous_0)","decl":{"start":{"line":22,"column":17},"end":{"line":22,"column":18}},"loc":{"start":{"line":25,"column":41},"end":{"line":49,"column":1}},"line":25},"1":{"name":"(anonymous_1)","decl":{"start":{"line":28,"column":43},"end":{"line":28,"column":44}},"loc":{"start":{"line":28,"column":55},"end":{"line":33,"column":3}},"line":28}},"branchMap":{"0":{"loc":{"start":{"line":30,"column":4},"end":{"line":30,"column":41}},"type":"if","locations":[{"start":{"line":30,"column":4},"end":{"line":30,"column":41}},{"start":{},"end":{}}],"line":30}},"s":{"0":2,"1":6,"2":6,"3":3,"4":2,"5":1,"6":6},"f":{"0":6,"1":3},"b":{"0":[2,1]},"_coverageSchema":"1a1c01bbd47fc00a2c39e90264f33305004495a9","hash":"270302dd92b294a9cdd5d18cea0d8e09a388e878"}
,"/home/thuandang/Desktop/Game Store/src/components/Chip/index.styled.ts": {"path":"/home/thuandang/Desktop/Game Store/src/components/Chip/index.styled.ts","statementMap":{"0":{"start":{"line":25,"column":26},"end":{"line":37,"column":1}},"1":{"start":{"line":26,"column":15},"end":{"line":26,"column":39}},"2":{"start":{"line":27,"column":15},"end":{"line":27,"column":41}},"3":{"start":{"line":28,"column":15},"end":{"line":28,"column":37}},"4":{"start":{"line":29,"column":16},"end":{"line":29,"column":71}},"5":{"start":{"line":30,"column":15},"end":{"line":30,"column":61}},"6":{"start":{"line":31,"column":15},"end":{"line":31,"column":64}},"7":{"start":{"line":32,"column":15},"end":{"line":32,"column":61}},"8":{"start":{"line":34,"column":4},"end":{"line":34,"column":63}},"9":{"start":{"line":39,"column":27},"end":{"line":45,"column":1}},"10":{"start":{"line":43,"column":15},"end":{"line":43,"column":46}},"11":{"start":{"line":44,"column":15},"end":{"line":44,"column":48}}},"fnMap":{"0":{"name":"(anonymous_0)","decl":{"start":{"line":26,"column":4},"end":{"line":26,"column":5}},"loc":{"start":{"line":26,"column":15},"end":{"line":26,"column":39}},"line":26},"1":{"name":"(anonymous_1)","decl":{"start":{"line":27,"column":4},"end":{"line":27,"column":5}},"loc":{"start":{"line":27,"column":15},"end":{"line":27,"column":41}},"line":27},"2":{"name":"(anonymous_2)","decl":{"start":{"line":28,"column":4},"end":{"line":28,"column":5}},"loc":{"start":{"line":28,"column":15},"end":{"line":28,"column":37}},"line":28},"3":{"name":"(anonymous_3)","decl":{"start":{"line":29,"column":4},"end":{"line":29,"column":5}},"loc":{"start":{"line":29,"column":16},"end":{"line":29,"column":71}},"line":29},"4":{"name":"(anonymous_4)","decl":{"start":{"line":30,"column":4},"end":{"line":30,"column":5}},"loc":{"start":{"line":30,"column":15},"end":{"line":30,"column":61}},"line":30},"5":{"name":"(anonymous_5)","decl":{"start":{"line":31,"column":4},"end":{"line":31,"column":5}},"loc":{"start":{"line":31,"column":15},"end":{"line":31,"column":64}},"line":31},"6":{"name":"(anonymous_6)","decl":{"start":{"line":32,"column":4},"end":{"line":32,"column":5}},"loc":{"start":{"line":32,"column":15},"end":{"line":32,"column":61}},"line":32},"7":{"name":"(anonymous_7)","decl":{"start":{"line":33,"column":19},"end":{"line":33,"column":20}},"loc":{"start":{"line":34,"column":4},"end":{"line":34,"column":63}},"line":34},"8":{"name":"(anonymous_8)","decl":{"start":{"line":43,"column":4},"end":{"line":43,"column":5}},"loc":{"start":{"line":43,"column":15},"end":{"line":43,"column":46}},"line":43},"9":{"name":"(anonymous_9)","decl":{"start":{"line":44,"column":4},"end":{"line":44,"column":5}},"loc":{"start":{"line":44,"column":15},"end":{"line":44,"column":48}},"line":44}},"branchMap":{"0":{"loc":{"start":{"line":29,"column":16},"end":{"line":29,"column":71}},"type":"cond-expr","locations":[{"start":{"line":29,"column":35},"end":{"line":29,"column":54}},{"start":{"line":29,"column":57},"end":{"line":29,"column":71}}],"line":29},"1":{"loc":{"start":{"line":30,"column":15},"end":{"line":30,"column":61}},"type":"binary-expr","locations":[{"start":{"line":30,"column":15},"end":{"line":30,"column":26}},{"start":{"line":30,"column":30},"end":{"line":30,"column":61}}],"line":30},"2":{"loc":{"start":{"line":31,"column":15},"end":{"line":31,"column":64}},"type":"binary-expr","locations":[{"start":{"line":31,"column":15},"end":{"line":31,"column":27}},{"start":{"line":31,"column":31},"end":{"line":31,"column":64}}],"line":31},"3":{"loc":{"start":{"line":32,"column":15},"end":{"line":32,"column":61}},"type":"binary-expr","locations":[{"start":{"line":32,"column":15},"end":{"line":32,"column":28}},{"start":{"line":32,"column":32},"end":{"line":32,"column":61}}],"line":32},"4":{"loc":{"start":{"line":34,"column":4},"end":{"line":34,"column":63}},"type":"binary-expr","locations":[{"start":{"line":34,"column":4},"end":{"line":34,"column":29}},{"start":{"line":34,"column":33},"end":{"line":34,"column":63}}],"line":34}},"s":{"0":2,"1":12,"2":12,"3":12,"4":12,"5":12,"6":12,"7":12,"8":12,"9":2,"10":12,"11":12},"f":{"0":12,"1":12,"2":12,"3":12,"4":12,"5":12,"6":12,"7":12,"8":12,"9":12},"b":{"0":[10,2],"1":[12,12],"2":[12,12],"3":[12,12],"4":[12,0]},"_coverageSchema":"1a1c01bbd47fc00a2c39e90264f33305004495a9","hash":"3cdec2da2aad8940a24b222612a2953e7c7652b2"}
,"/home/thuandang/Desktop/Game Store/src/components/Chip/index.tsx": {"path":"/home/thuandang/Desktop/Game Store/src/components/Chip/index.tsx","statementMap":{"0":{"start":{"line":23,"column":13},"end":{"line":54,"column":1}},"1":{"start":{"line":35,"column":2},"end":{"line":53,"column":4}}},"fnMap":{"0":{"name":"(anonymous_0)","decl":{"start":{"line":23,"column":13},"end":{"line":23,"column":14}},"loc":{"start":{"line":34,"column":37},"end":{"line":54,"column":1}},"line":34}},"branchMap":{"0":{"loc":{"start":{"line":43,"column":7},"end":{"line":45,"column":7}},"type":"binary-expr","locations":[{"start":{"line":43,"column":7},"end":{"line":43,"column":22}},{"start":{"line":44,"column":8},"end":{"line":44,"column":80}}],"line":43},"1":{"loc":{"start":{"line":49,"column":7},"end":{"line":51,"column":7}},"type":"binary-expr","locations":[{"start":{"line":49,"column":7},"end":{"line":49,"column":20}},{"start":{"line":50,"column":8},"end":{"line":50,"column":78}}],"line":49}},"s":{"0":2,"1":12},"f":{"0":12},"b":{"0":[12,0],"1":[12,12]},"_coverageSchema":"1a1c01bbd47fc00a2c39e90264f33305004495a9","hash":"82a2b05d3f27aca59865f550a32108eac6bc4eff"}
,"/home/thuandang/Desktop/Game Store/src/components/ErrorBoundary/index.tsx": {"path":"/home/thuandang/Desktop/Game Store/src/components/ErrorBoundary/index.tsx","statementMap":{"0":{"start":{"line":18,"column":4},"end":{"line":18,"column":17}},"1":{"start":{"line":19,"column":4},"end":{"line":19,"column":50}},"2":{"start":{"line":24,"column":4},"end":{"line":27,"column":7}},"3":{"start":{"line":31,"column":33},"end":{"line":31,"column":43}},"4":{"start":{"line":32,"column":25},"end":{"line":32,"column":35}},"5":{"start":{"line":34,"column":4},"end":{"line":43,"column":5}},"6":{"start":{"line":35,"column":6},"end":{"line":42,"column":8}},"7":{"start":{"line":45,"column":4},"end":{"line":45,"column":20}}},"fnMap":{"0":{"name":"(anonymous_0)","decl":{"start":{"line":17,"column":2},"end":{"line":17,"column":3}},"loc":{"start":{"line":17,"column":79},"end":{"line":20,"column":3}},"line":17},"1":{"name":"(anonymous_1)","decl":{"start":{"line":22,"column":2},"end":{"line":22,"column":3}},"loc":{"start":{"line":22,"column":63},"end":{"line":28,"column":3}},"line":22},"2":{"name":"(anonymous_2)","decl":{"start":{"line":30,"column":2},"end":{"line":30,"column":3}},"loc":{"start":{"line":30,"column":18},"end":{"line":46,"column":3}},"line":30}},"branchMap":{"0":{"loc":{"start":{"line":34,"column":4},"end":{"line":43,"column":5}},"type":"if","locations":[{"start":{"line":34,"column":4},"end":{"line":43,"column":5}},{"start":{},"end":{}}],"line":34},"1":{"loc":{"start":{"line":39,"column":14},"end":{"line":39,"column":39}},"type":"binary-expr","locations":[{"start":{"line":39,"column":14},"end":{"line":39,"column":19}},{"start":{"line":39,"column":23},"end":{"line":39,"column":39}}],"line":39}},"s":{"0":9,"1":5,"2":1,"3":6,"4":6,"5":6,"6":1,"7":5},"f":{"0":9,"1":1,"2":6},"b":{"0":[1,5],"1":[1,1]},"_coverageSchema":"1a1c01bbd47fc00a2c39e90264f33305004495a9","hash":"94fa11382a6f479109906bdafd02dfd4d75386b5"}
,"/home/thuandang/Desktop/Game Store/src/components/Header/index.styled.ts": {"path":"/home/thuandang/Desktop/Game Store/src/components/Header/index.styled.ts","statementMap":{"0":{"start":{"line":5,"column":21},"end":{"line":9,"column":1}},"1":{"start":{"line":8,"column":37},"end":{"line":8,"column":54}},"2":{"start":{"line":11,"column":19},"end":{"line":14,"column":1}},"3":{"start":{"line":16,"column":28},"end":{"line":18,"column":1}}},"fnMap":{"0":{"name":"(anonymous_0)","decl":{"start":{"line":8,"column":22},"end":{"line":8,"column":23}},"loc":{"start":{"line":8,"column":37},"end":{"line":8,"column":54}},"line":8}},"branchMap":{},"s":{"0":0,"1":0,"2":0,"3":0},"f":{"0":0},"b":{}}
,"/home/thuandang/Desktop/Game Store/src/components/Header/index.tsx": {"path":"/home/thuandang/Desktop/Game Store/src/components/Header/index.tsx","statementMap":{"0":{"start":{"line":20,"column":15},"end":{"line":48,"column":1}},"1":{"start":{"line":25,"column":2},"end":{"line":47,"column":4}}},"fnMap":{"0":{"name":"(anonymous_0)","decl":{"start":{"line":20,"column":15},"end":{"line":20,"column":16}},"loc":{"start":{"line":24,"column":39},"end":{"line":48,"column":1}},"line":24}},"branchMap":{"0":{"loc":{"start":{"line":42,"column":16},"end":{"line":42,"column":58}},"type":"cond-expr","locations":[{"start":{"line":42,"column":30},"end":{"line":42,"column":42}},{"start":{"line":42,"column":45},"end":{"line":42,"column":58}}],"line":42}},"s":{"0":0,"1":0},"f":{"0":0},"b":{"0":[0,0]}}
,"/home/thuandang/Desktop/Game Store/src/components/Icon/ArrowIcon.tsx": {"path":"/home/thuandang/Desktop/Game Store/src/components/Icon/ArrowIcon.tsx","statementMap":{"0":{"start":{"line":3,"column":25},"end":{"line":18,"column":1}},"1":{"start":{"line":4,"column":2},"end":{"line":17,"column":8}}},"fnMap":{"0":{"name":"(anonymous_0)","decl":{"start":{"line":3,"column":25},"end":{"line":3,"column":26}},"loc":{"start":{"line":4,"column":2},"end":{"line":17,"column":8}},"line":4}},"branchMap":{},"s":{"0":6,"1":10},"f":{"0":10},"b":{},"_coverageSchema":"1a1c01bbd47fc00a2c39e90264f33305004495a9","hash":"3731f253ff38b6ad637e3b84d37b549c2985e978"}
,"/home/thuandang/Desktop/Game Store/src/components/Icon/ArrowRightIcon.tsx": {"path":"/home/thuandang/Desktop/Game Store/src/components/Icon/ArrowRightIcon.tsx","statementMap":{"0":{"start":{"line":3,"column":30},"end":{"line":11,"column":1}},"1":{"start":{"line":4,"column":2},"end":{"line":10,"column":8}}},"fnMap":{"0":{"name":"(anonymous_0)","decl":{"start":{"line":3,"column":30},"end":{"line":3,"column":31}},"loc":{"start":{"line":4,"column":2},"end":{"line":10,"column":8}},"line":4}},"branchMap":{},"s":{"0":6,"1":0},"f":{"0":0},"b":{},"_coverageSchema":"1a1c01bbd47fc00a2c39e90264f33305004495a9","hash":"0c3f3ae06adf0121253060bb508dc53217a92e3c"}
,"/home/thuandang/Desktop/Game Store/src/components/Icon/DarkIcon.tsx": {"path":"/home/thuandang/Desktop/Game Store/src/components/Icon/DarkIcon.tsx","statementMap":{"0":{"start":{"line":3,"column":24},"end":{"line":14,"column":1}},"1":{"start":{"line":4,"column":2},"end":{"line":13,"column":8}}},"fnMap":{"0":{"name":"(anonymous_0)","decl":{"start":{"line":3,"column":24},"end":{"line":3,"column":25}},"loc":{"start":{"line":4,"column":2},"end":{"line":13,"column":8}},"line":4}},"branchMap":{},"s":{"0":6,"1":3},"f":{"0":3},"b":{},"_coverageSchema":"1a1c01bbd47fc00a2c39e90264f33305004495a9","hash":"dc8c433fc7db2ef4a4d40aad48529f4a4c24ab94"}
,"/home/thuandang/Desktop/Game Store/src/components/Icon/FilterIcon.tsx": {"path":"/home/thuandang/Desktop/Game Store/src/components/Icon/FilterIcon.tsx","statementMap":{"0":{"start":{"line":3,"column":26},"end":{"line":18,"column":1}},"1":{"start":{"line":4,"column":2},"end":{"line":17,"column":8}}},"fnMap":{"0":{"name":"(anonymous_0)","decl":{"start":{"line":3,"column":26},"end":{"line":3,"column":27}},"loc":{"start":{"line":4,"column":2},"end":{"line":17,"column":8}},"line":4}},"branchMap":{},"s":{"0":6,"1":0},"f":{"0":0},"b":{},"_coverageSchema":"1a1c01bbd47fc00a2c39e90264f33305004495a9","hash":"3215c99a8bfff5ba099af9c19ace6eff96c99dad"}
,"/home/thuandang/Desktop/Game Store/src/components/Icon/GridIcon.tsx": {"path":"/home/thuandang/Desktop/Game Store/src/components/Icon/GridIcon.tsx","statementMap":{"0":{"start":{"line":3,"column":24},"end":{"line":10,"column":1}},"1":{"start":{"line":4,"column":2},"end":{"line":9,"column":8}}},"fnMap":{"0":{"name":"(anonymous_0)","decl":{"start":{"line":3,"column":24},"end":{"line":3,"column":25}},"loc":{"start":{"line":4,"column":2},"end":{"line":9,"column":8}},"line":4}},"branchMap":{},"s":{"0":6,"1":5},"f":{"0":5},"b":{},"_coverageSchema":"1a1c01bbd47fc00a2c39e90264f33305004495a9","hash":"af18f161a889e3ea3b34bf0733954d49dc646794"}
,"/home/thuandang/Desktop/Game Store/src/components/Icon/LightIcon.tsx": {"path":"/home/thuandang/Desktop/Game Store/src/components/Icon/LightIcon.tsx","statementMap":{"0":{"start":{"line":3,"column":25},"end":{"line":11,"column":1}},"1":{"start":{"line":4,"column":2},"end":{"line":10,"column":8}}},"fnMap":{"0":{"name":"(anonymous_0)","decl":{"start":{"line":3,"column":25},"end":{"line":3,"column":26}},"loc":{"start":{"line":4,"column":2},"end":{"line":10,"column":8}},"line":4}},"branchMap":{},"s":{"0":6,"1":0},"f":{"0":0},"b":{},"_coverageSchema":"1a1c01bbd47fc00a2c39e90264f33305004495a9","hash":"5f005cd4aa97ecfcce0dad48750a68d455d3f514"}
,"/home/thuandang/Desktop/Game Store/src/components/Icon/ListIcon.tsx": {"path":"/home/thuandang/Desktop/Game Store/src/components/Icon/ListIcon.tsx","statementMap":{"0":{"start":{"line":3,"column":24},"end":{"line":18,"column":1}},"1":{"start":{"line":4,"column":2},"end":{"line":17,"column":8}}},"fnMap":{"0":{"name":"(anonymous_0)","decl":{"start":{"line":3,"column":24},"end":{"line":3,"column":25}},"loc":{"start":{"line":4,"column":2},"end":{"line":17,"column":8}},"line":4}},"branchMap":{},"s":{"0":6,"1":10},"f":{"0":10},"b":{},"_coverageSchema":"1a1c01bbd47fc00a2c39e90264f33305004495a9","hash":"dc58b773e2483121e18a52aafa3524f12a32a8b4"}
,"/home/thuandang/Desktop/Game Store/src/components/Icon/SearchIcon.tsx": {"path":"/home/thuandang/Desktop/Game Store/src/components/Icon/SearchIcon.tsx","statementMap":{"0":{"start":{"line":3,"column":26},"end":{"line":12,"column":1}},"1":{"start":{"line":4,"column":2},"end":{"line":11,"column":8}}},"fnMap":{"0":{"name":"(anonymous_0)","decl":{"start":{"line":3,"column":26},"end":{"line":3,"column":27}},"loc":{"start":{"line":4,"column":2},"end":{"line":11,"column":8}},"line":4}},"branchMap":{},"s":{"0":6,"1":3},"f":{"0":3},"b":{},"_coverageSchema":"1a1c01bbd47fc00a2c39e90264f33305004495a9","hash":"a99db1d6c551da5bcc35660add5a85399db709d0"}
,"/home/thuandang/Desktop/Game Store/src/components/Icon/XmarkIcon.tsx": {"path":"/home/thuandang/Desktop/Game Store/src/components/Icon/XmarkIcon.tsx","statementMap":{"0":{"start":{"line":3,"column":25},"end":{"line":18,"column":1}},"1":{"start":{"line":4,"column":2},"end":{"line":17,"column":8}}},"fnMap":{"0":{"name":"(anonymous_0)","decl":{"start":{"line":3,"column":25},"end":{"line":3,"column":26}},"loc":{"start":{"line":4,"column":2},"end":{"line":17,"column":8}},"line":4}},"branchMap":{},"s":{"0":6,"1":5},"f":{"0":5},"b":{},"_coverageSchema":"1a1c01bbd47fc00a2c39e90264f33305004495a9","hash":"1335e72aded9c70ffa7a029883d766efdcebf571"}
,"/home/thuandang/Desktop/Game Store/src/components/Icon/index.tsx": {"path":"/home/thuandang/Desktop/Game Store/src/components/Icon/index.tsx","statementMap":{},"fnMap":{},"branchMap":{},"s":{},"f":{},"b":{},"_coverageSchema":"1a1c01bbd47fc00a2c39e90264f33305004495a9","hash":"55d8aacf951788bd603fc9f8a0eac8e10112a67b"}
,"/home/thuandang/Desktop/Game Store/src/components/Input/index.styled.ts": {"path":"/home/thuandang/Desktop/Game Store/src/components/Input/index.styled.ts","statementMap":{"0":{"start":{"line":12,"column":25},"end":{"line":15,"column":1}},"1":{"start":{"line":17,"column":34},"end":{"line":22,"column":1}},"2":{"start":{"line":24,"column":20},"end":{"line":38,"column":1}},"3":{"start":{"line":25,"column":15},"end":{"line":25,"column":39}},"4":{"start":{"line":26,"column":15},"end":{"line":26,"column":41}},"5":{"start":{"line":27,"column":15},"end":{"line":27,"column":54}},"6":{"start":{"line":28,"column":15},"end":{"line":28,"column":46}}},"fnMap":{"0":{"name":"(anonymous_0)","decl":{"start":{"line":25,"column":4},"end":{"line":25,"column":5}},"loc":{"start":{"line":25,"column":15},"end":{"line":25,"column":39}},"line":25},"1":{"name":"(anonymous_1)","decl":{"start":{"line":26,"column":4},"end":{"line":26,"column":5}},"loc":{"start":{"line":26,"column":15},"end":{"line":26,"column":41}},"line":26},"2":{"name":"(anonymous_2)","decl":{"start":{"line":27,"column":4},"end":{"line":27,"column":5}},"loc":{"start":{"line":27,"column":15},"end":{"line":27,"column":54}},"line":27},"3":{"name":"(anonymous_3)","decl":{"start":{"line":28,"column":4},"end":{"line":28,"column":5}},"loc":{"start":{"line":28,"column":15},"end":{"line":28,"column":46}},"line":28}},"branchMap":{},"s":{"0":1,"1":1,"2":1,"3":3,"4":3,"5":3,"6":3},"f":{"0":3,"1":3,"2":3,"3":3},"b":{},"_coverageSchema":"1a1c01bbd47fc00a2c39e90264f33305004495a9","hash":"70faccb19313772d4a1c388186453e7ee3d90a61"}
,"/home/thuandang/Desktop/Game Store/src/components/Input/index.tsx": {"path":"/home/thuandang/Desktop/Game Store/src/components/Input/index.tsx","statementMap":{"0":{"start":{"line":18,"column":14},"end":{"line":40,"column":1}},"1":{"start":{"line":27,"column":2},"end":{"line":39,"column":4}}},"fnMap":{"0":{"name":"(anonymous_0)","decl":{"start":{"line":18,"column":14},"end":{"line":18,"column":15}},"loc":{"start":{"line":26,"column":14},"end":{"line":40,"column":1}},"line":26}},"branchMap":{"0":{"loc":{"start":{"line":19,"column":2},"end":{"line":19,"column":13}},"type":"default-arg","locations":[{"start":{"line":19,"column":10},"end":{"line":19,"column":13}}],"line":19},"1":{"loc":{"start":{"line":20,"column":2},"end":{"line":20,"column":13}},"type":"default-arg","locations":[{"start":{"line":20,"column":11},"end":{"line":20,"column":13}}],"line":20}},"s":{"0":1,"1":3},"f":{"0":3},"b":{"0":[0],"1":[0]},"_coverageSchema":"1a1c01bbd47fc00a2c39e90264f33305004495a9","hash":"9a9146bfbe666aa2e6b985de6544cb39cf81f275"}
,"/home/thuandang/Desktop/Game Store/src/components/Modal/DetailModal/index.styled.ts": {"path":"/home/thuandang/Desktop/Game Store/src/components/Modal/DetailModal/index.styled.ts","statementMap":{"0":{"start":{"line":10,"column":26},"end":{"line":17,"column":1}},"1":{"start":{"line":19,"column":26},"end":{"line":25,"column":1}},"2":{"start":{"line":27,"column":25},"end":{"line":29,"column":1}},"3":{"start":{"line":31,"column":24},"end":{"line":35,"column":1}},"4":{"start":{"line":34,"column":37},"end":{"line":34,"column":54}},"5":{"start":{"line":37,"column":25},"end":{"line":40,"column":1}},"6":{"start":{"line":42,"column":30},"end":{"line":47,"column":1}},"7":{"start":{"line":43,"column":26},"end":{"line":43,"column":40}},"8":{"start":{"line":49,"column":23},"end":{"line":53,"column":1}},"9":{"start":{"line":55,"column":23},"end":{"line":57,"column":1}},"10":{"start":{"line":56,"column":26},"end":{"line":56,"column":41}},"11":{"start":{"line":59,"column":29},"end":{"line":63,"column":1}},"12":{"start":{"line":65,"column":23},"end":{"line":67,"column":1}},"13":{"start":{"line":69,"column":26},"end":{"line":76,"column":1}},"14":{"start":{"line":78,"column":28},"end":{"line":81,"column":1}},"15":{"start":{"line":83,"column":25},"end":{"line":90,"column":1}}},"fnMap":{"0":{"name":"(anonymous_0)","decl":{"start":{"line":34,"column":22},"end":{"line":34,"column":23}},"loc":{"start":{"line":34,"column":37},"end":{"line":34,"column":54}},"line":34},"1":{"name":"(anonymous_1)","decl":{"start":{"line":43,"column":11},"end":{"line":43,"column":12}},"loc":{"start":{"line":43,"column":26},"end":{"line":43,"column":40}},"line":43},"2":{"name":"(anonymous_2)","decl":{"start":{"line":56,"column":11},"end":{"line":56,"column":12}},"loc":{"start":{"line":56,"column":26},"end":{"line":56,"column":41}},"line":56}},"branchMap":{},"s":{"0":1,"1":1,"2":1,"3":1,"4":3,"5":1,"6":1,"7":3,"8":1,"9":1,"10":9,"11":1,"12":1,"13":1,"14":1,"15":1},"f":{"0":3,"1":3,"2":9},"b":{},"_coverageSchema":"1a1c01bbd47fc00a2c39e90264f33305004495a9","hash":"2b6433cd189e505c7cbc5bc45b5eeb361e2fc9ea"}
,"/home/thuandang/Desktop/Game Store/src/components/Modal/DetailModal/index.tsx": {"path":"/home/thuandang/Desktop/Game Store/src/components/Modal/DetailModal/index.tsx","statementMap":{"0":{"start":{"line":36,"column":20},"end":{"line":117,"column":1}},"1":{"start":{"line":44,"column":2},"end":{"line":49,"column":9}},"2":{"start":{"line":45,"column":4},"end":{"line":45,"column":58}},"3":{"start":{"line":48,"column":4},"end":{"line":48,"column":74}},"4":{"start":{"line":48,"column":17},"end":{"line":48,"column":73}},"5":{"start":{"line":51,"column":2},"end":{"line":116,"column":4}}},"fnMap":{"0":{"name":"(anonymous_0)","decl":{"start":{"line":36,"column":20},"end":{"line":36,"column":21}},"loc":{"start":{"line":42,"column":44},"end":{"line":117,"column":1}},"line":42},"1":{"name":"(anonymous_1)","decl":{"start":{"line":44,"column":12},"end":{"line":44,"column":13}},"loc":{"start":{"line":44,"column":18},"end":{"line":49,"column":3}},"line":44},"2":{"name":"(anonymous_2)","decl":{"start":{"line":48,"column":11},"end":{"line":48,"column":12}},"loc":{"start":{"line":48,"column":17},"end":{"line":48,"column":73}},"line":48}},"branchMap":{"0":{"loc":{"start":{"line":107,"column":23},"end":{"line":107,"column":53}},"type":"cond-expr","locations":[{"start":{"line":107,"column":37},"end":{"line":107,"column":44}},{"start":{"line":107,"column":47},"end":{"line":107,"column":53}}],"line":107},"1":{"loc":{"start":{"line":109,"column":18},"end":{"line":109,"column":60}},"type":"cond-expr","locations":[{"start":{"line":109,"column":32},"end":{"line":109,"column":44}},{"start":{"line":109,"column":47},"end":{"line":109,"column":60}}],"line":109}},"s":{"0":1,"1":3,"2":3,"3":3,"4":3,"5":3},"f":{"0":3,"1":3,"2":3},"b":{"0":[3,0],"1":[3,0]},"_coverageSchema":"1a1c01bbd47fc00a2c39e90264f33305004495a9","hash":"68aa5c0f9577d347d8c1027c0d8a66ae7ad78d01"}
,"/home/thuandang/Desktop/Game Store/src/components/Modal/FilterModal/index.styled.ts": {"path":"/home/thuandang/Desktop/Game Store/src/components/Modal/FilterModal/index.styled.ts","statementMap":{"0":{"start":{"line":13,"column":23},"end":{"line":15,"column":1}},"1":{"start":{"line":17,"column":26},"end":{"line":37,"column":1}},"2":{"start":{"line":18,"column":15},"end":{"line":18,"column":39}},"3":{"start":{"line":19,"column":15},"end":{"line":19,"column":41}},"4":{"start":{"line":20,"column":15},"end":{"line":20,"column":35}},"5":{"start":{"line":21,"column":15},"end":{"line":21,"column":39}},"6":{"start":{"line":39,"column":25},"end":{"line":42,"column":1}},"7":{"start":{"line":44,"column":23},"end":{"line":48,"column":1}},"8":{"start":{"line":50,"column":24},"end":{"line":52,"column":1}},"9":{"start":{"line":54,"column":27},"end":{"line":56,"column":1}},"10":{"start":{"line":58,"column":25},"end":{"line":60,"column":1}}},"fnMap":{"0":{"name":"(anonymous_0)","decl":{"start":{"line":18,"column":4},"end":{"line":18,"column":5}},"loc":{"start":{"line":18,"column":15},"end":{"line":18,"column":39}},"line":18},"1":{"name":"(anonymous_1)","decl":{"start":{"line":19,"column":4},"end":{"line":19,"column":5}},"loc":{"start":{"line":19,"column":15},"end":{"line":19,"column":41}},"line":19},"2":{"name":"(anonymous_2)","decl":{"start":{"line":20,"column":4},"end":{"line":20,"column":5}},"loc":{"start":{"line":20,"column":15},"end":{"line":20,"column":35}},"line":20},"3":{"name":"(anonymous_3)","decl":{"start":{"line":21,"column":4},"end":{"line":21,"column":5}},"loc":{"start":{"line":21,"column":15},"end":{"line":21,"column":39}},"line":21}},"branchMap":{},"s":{"0":1,"1":1,"2":5,"3":5,"4":5,"5":5,"6":1,"7":1,"8":1,"9":1,"10":1},"f":{"0":5,"1":5,"2":5,"3":5},"b":{},"_coverageSchema":"1a1c01bbd47fc00a2c39e90264f33305004495a9","hash":"284b2b5078cd20f917d39d44e991eececd1e3f67"}
,"/home/thuandang/Desktop/Game Store/src/components/Modal/FilterModal/index.tsx": {"path":"/home/thuandang/Desktop/Game Store/src/components/Modal/FilterModal/index.tsx","statementMap":{"0":{"start":{"line":32,"column":20},"end":{"line":117,"column":1}},"1":{"start":{"line":46,"column":6},"end":{"line":46,"column":16}},"2":{"start":{"line":48,"column":2},"end":{"line":116,"column":4}}},"fnMap":{"0":{"name":"(anonymous_0)","decl":{"start":{"line":32,"column":20},"end":{"line":32,"column":21}},"loc":{"start":{"line":38,"column":44},"end":{"line":117,"column":1}},"line":38}},"branchMap":{"0":{"loc":{"start":{"line":58,"column":23},"end":{"line":58,"column":73}},"type":"cond-expr","locations":[{"start":{"line":58,"column":36},"end":{"line":58,"column":52}},{"start":{"line":58,"column":55},"end":{"line":58,"column":73}}],"line":58},"1":{"loc":{"start":{"line":71,"column":23},"end":{"line":71,"column":73}},"type":"cond-expr","locations":[{"start":{"line":71,"column":36},"end":{"line":71,"column":54}},{"start":{"line":71,"column":57},"end":{"line":71,"column":73}}],"line":71},"2":{"loc":{"start":{"line":85,"column":19},"end":{"line":85,"column":73}},"type":"cond-expr","locations":[{"start":{"line":85,"column":38},"end":{"line":85,"column":58}},{"start":{"line":85,"column":61},"end":{"line":85,"column":73}}],"line":85},"3":{"loc":{"start":{"line":86,"column":21},"end":{"line":86,"column":77}},"type":"cond-expr","locations":[{"start":{"line":86,"column":40},"end":{"line":86,"column":56}},{"start":{"line":86,"column":59},"end":{"line":86,"column":77}}],"line":86},"4":{"loc":{"start":{"line":100,"column":19},"end":{"line":100,"column":73}},"type":"cond-expr","locations":[{"start":{"line":100,"column":38},"end":{"line":100,"column":58}},{"start":{"line":100,"column":61},"end":{"line":100,"column":73}}],"line":100},"5":{"loc":{"start":{"line":101,"column":21},"end":{"line":101,"column":77}},"type":"cond-expr","locations":[{"start":{"line":101,"column":40},"end":{"line":101,"column":56}},{"start":{"line":101,"column":59},"end":{"line":101,"column":77}}],"line":101}},"s":{"0":1,"1":5,"2":5},"f":{"0":5},"b":{"0":[4,1],"1":[4,1],"2":[4,1],"3":[4,1],"4":[0,5],"5":[0,5]},"_coverageSchema":"1a1c01bbd47fc00a2c39e90264f33305004495a9","hash":"534abb2bfc85581192ba536b3c703cfe1bbd7c51"}
,"/home/thuandang/Desktop/Game Store/src/components/Spinner/index.tsx": {"path":"/home/thuandang/Desktop/Game Store/src/components/Spinner/index.tsx","statementMap":{"0":{"start":{"line":5,"column":22},"end":{"line":9,"column":1}},"1":{"start":{"line":11,"column":25},"end":{"line":17,"column":1}},"2":{"start":{"line":19,"column":22},"end":{"line":26,"column":1}},"3":{"start":{"line":28,"column":23},"end":{"line":32,"column":1}},"4":{"start":{"line":29,"column":2},"end":{"line":31,"column":21}}},"fnMap":{"0":{"name":"(anonymous_0)","decl":{"start":{"line":28,"column":23},"end":{"line":28,"column":24}},"loc":{"start":{"line":29,"column":2},"end":{"line":31,"column":21}},"line":29}},"branchMap":{},"s":{"0":3,"1":3,"2":3,"3":3,"4":1},"f":{"0":1},"b":{},"_coverageSchema":"1a1c01bbd47fc00a2c39e90264f33305004495a9","hash":"75f826d774215032c05166ebfa19064cde705d3a"}
,"/home/thuandang/Desktop/Game Store/src/components/ToggleButton/index.styled.ts": {"path":"/home/thuandang/Desktop/Game Store/src/components/ToggleButton/index.styled.ts","statementMap":{"0":{"start":{"line":15,"column":34},"end":{"line":26,"column":1}},"1":{"start":{"line":16,"column":15},"end":{"line":16,"column":54}},"2":{"start":{"line":17,"column":15},"end":{"line":17,"column":57}},"3":{"start":{"line":18,"column":15},"end":{"line":18,"column":65}},"4":{"start":{"line":19,"column":15},"end":{"line":19,"column":76}},"5":{"start":{"line":20,"column":33},"end":{"line":20,"column":68}},"6":{"start":{"line":22,"column":30},"end":{"line":22,"column":60}},"7":{"start":{"line":23,"column":31},"end":{"line":23,"column":63}}},"fnMap":{"0":{"name":"(anonymous_0)","decl":{"start":{"line":16,"column":4},"end":{"line":16,"column":5}},"loc":{"start":{"line":16,"column":15},"end":{"line":16,"column":54}},"line":16},"1":{"name":"(anonymous_1)","decl":{"start":{"line":17,"column":4},"end":{"line":17,"column":5}},"loc":{"start":{"line":17,"column":15},"end":{"line":17,"column":57}},"line":17},"2":{"name":"(anonymous_2)","decl":{"start":{"line":18,"column":4},"end":{"line":18,"column":5}},"loc":{"start":{"line":18,"column":15},"end":{"line":18,"column":65}},"line":18},"3":{"name":"(anonymous_3)","decl":{"start":{"line":19,"column":4},"end":{"line":19,"column":5}},"loc":{"start":{"line":19,"column":15},"end":{"line":19,"column":76}},"line":19},"4":{"name":"(anonymous_4)","decl":{"start":{"line":20,"column":22},"end":{"line":20,"column":23}},"loc":{"start":{"line":20,"column":33},"end":{"line":20,"column":68}},"line":20},"5":{"name":"(anonymous_5)","decl":{"start":{"line":22,"column":18},"end":{"line":22,"column":19}},"loc":{"start":{"line":22,"column":30},"end":{"line":22,"column":60}},"line":22},"6":{"name":"(anonymous_6)","decl":{"start":{"line":23,"column":19},"end":{"line":23,"column":20}},"loc":{"start":{"line":23,"column":31},"end":{"line":23,"column":63}},"line":23}},"branchMap":{"0":{"loc":{"start":{"line":16,"column":15},"end":{"line":16,"column":54}},"type":"binary-expr","locations":[{"start":{"line":16,"column":15},"end":{"line":16,"column":26}},{"start":{"line":16,"column":30},"end":{"line":16,"column":54}}],"line":16},"1":{"loc":{"start":{"line":17,"column":15},"end":{"line":17,"column":57}},"type":"binary-expr","locations":[{"start":{"line":17,"column":15},"end":{"line":17,"column":27}},{"start":{"line":17,"column":31},"end":{"line":17,"column":57}}],"line":17},"2":{"loc":{"start":{"line":18,"column":15},"end":{"line":18,"column":65}},"type":"binary-expr","locations":[{"start":{"line":18,"column":15},"end":{"line":18,"column":30}},{"start":{"line":18,"column":34},"end":{"line":18,"column":65}}],"line":18},"3":{"loc":{"start":{"line":19,"column":15},"end":{"line":19,"column":76}},"type":"binary-expr","locations":[{"start":{"line":19,"column":15},"end":{"line":19,"column":33}},{"start":{"line":19,"column":37},"end":{"line":19,"column":76}}],"line":19},"4":{"loc":{"start":{"line":20,"column":33},"end":{"line":20,"column":68}},"type":"binary-expr","locations":[{"start":{"line":20,"column":33},"end":{"line":20,"column":46}},{"start":{"line":20,"column":50},"end":{"line":20,"column":68}}],"line":20},"5":{"loc":{"start":{"line":22,"column":30},"end":{"line":22,"column":60}},"type":"cond-expr","locations":[{"start":{"line":22,"column":44},"end":{"line":22,"column":55}},{"start":{"line":22,"column":58},"end":{"line":22,"column":60}}],"line":22},"6":{"loc":{"start":{"line":23,"column":31},"end":{"line":23,"column":63}},"type":"cond-expr","locations":[{"start":{"line":23,"column":46},"end":{"line":23,"column":58}},{"start":{"line":23,"column":61},"end":{"line":23,"column":63}}],"line":23}},"s":{"0":2,"1":5,"2":5,"3":5,"4":5,"5":5,"6":5,"7":5},"f":{"0":5,"1":5,"2":5,"3":5,"4":5,"5":5,"6":5},"b":{"0":[5,5],"1":[5,5],"2":[5,5],"3":[5,5],"4":[5,5],"5":[0,5],"6":[0,5]},"_coverageSchema":"1a1c01bbd47fc00a2c39e90264f33305004495a9","hash":"b481c60c5e767637349c285f2d0c2097d925cb7b"}
,"/home/thuandang/Desktop/Game Store/src/components/ToggleButton/index.tsx": {"path":"/home/thuandang/Desktop/Game Store/src/components/ToggleButton/index.tsx","statementMap":{"0":{"start":{"line":14,"column":21},"end":{"line":33,"column":1}},"1":{"start":{"line":23,"column":2},"end":{"line":32,"column":23}}},"fnMap":{"0":{"name":"(anonymous_0)","decl":{"start":{"line":14,"column":21},"end":{"line":14,"column":22}},"loc":{"start":{"line":23,"column":2},"end":{"line":32,"column":23}},"line":23}},"branchMap":{},"s":{"0":2,"1":5},"f":{"0":5},"b":{},"_coverageSchema":"1a1c01bbd47fc00a2c39e90264f33305004495a9","hash":"80585e67fb470f8b687f0bf674c4e80b0bb59f50"}
,"/home/thuandang/Desktop/Game Store/src/constants/actions.ts": {"path":"/home/thuandang/Desktop/Game Store/src/constants/actions.ts","statementMap":{"0":{"start":{"line":1,"column":28},"end":{"line":1,"column":30}}},"fnMap":{},"branchMap":{},"s":{"0":0},"f":{},"b":{}}
,"/home/thuandang/Desktop/Game Store/src/constants/api.ts": {"path":"/home/thuandang/Desktop/Game Store/src/constants/api.ts","statementMap":{"0":{"start":{"line":1,"column":21},"end":{"line":1,"column":46}},"1":{"start":{"line":3,"column":17},"end":{"line":6,"column":1}}},"fnMap":{},"branchMap":{},"s":{"0":9,"1":9},"f":{},"b":{},"_coverageSchema":"1a1c01bbd47fc00a2c39e90264f33305004495a9","hash":"aa05df57354ff86b9b9d4f6dd67341165bc497ba"}
,"/home/thuandang/Desktop/Game Store/src/constants/message.ts": {"path":"/home/thuandang/Desktop/Game Store/src/constants/message.ts","statementMap":{"0":{"start":{"line":1,"column":30},"end":{"line":1,"column":53}},"1":{"start":{"line":2,"column":29},"end":{"line":2,"column":47}}},"fnMap":{},"branchMap":{},"s":{"0":1,"1":1},"f":{},"b":{},"_coverageSchema":"1a1c01bbd47fc00a2c39e90264f33305004495a9","hash":"ca1458e1994da6d407271793f1a5439cf369c042"}
,"/home/thuandang/Desktop/Game Store/src/constants/mockData.ts": {"path":"/home/thuandang/Desktop/Game Store/src/constants/mockData.ts","statementMap":{"0":{"start":{"line":1,"column":25},"end":{"line":1,"column":143}},"1":{"start":{"line":3,"column":20},"end":{"line":12,"column":1}},"2":{"start":{"line":14,"column":24},"end":{"line":19,"column":1}},"3":{"start":{"line":21,"column":26},"end":{"line":34,"column":1}},"4":{"start":{"line":36,"column":21},"end":{"line":73,"column":1}}},"fnMap":{},"branchMap":{},"s":{"0":10,"1":10,"2":10,"3":10,"4":10},"f":{},"b":{},"_coverageSchema":"1a1c01bbd47fc00a2c39e90264f33305004495a9","hash":"361ff9ee6aab5cacddf3062a023b9dfd4ce228b7"}
,"/home/thuandang/Desktop/Game Store/src/contexts/AppContext.tsx": {"path":"/home/thuandang/Desktop/Game Store/src/contexts/AppContext.tsx","statementMap":{"0":{"start":{"line":10,"column":55},"end":{"line":14,"column":1}},"1":{"start":{"line":11,"column":2},"end":{"line":13,"column":23}}},"fnMap":{"0":{"name":"(anonymous_0)","decl":{"start":{"line":10,"column":55},"end":{"line":10,"column":56}},"loc":{"start":{"line":11,"column":2},"end":{"line":13,"column":23}},"line":11}},"branchMap":{},"s":{"0":4,"1":5},"f":{"0":5},"b":{},"_coverageSchema":"1a1c01bbd47fc00a2c39e90264f33305004495a9","hash":"4d751406ed82326118c3eea89abb6002822028e3"}
,"/home/thuandang/Desktop/Game Store/src/contexts/BooksContext.tsx": {"path":"/home/thuandang/Desktop/Game Store/src/contexts/BooksContext.tsx","statementMap":{"0":{"start":{"line":39,"column":28},"end":{"line":39,"column":75}},"1":{"start":{"line":42,"column":29},"end":{"line":171,"column":1}},"2":{"start":{"line":43,"column":28},"end":{"line":43,"column":49}},"3":{"start":{"line":45,"column":38},"end":{"line":45,"column":61}},"4":{"start":{"line":47,"column":50},"end":{"line":47,"column":74}},"5":{"start":{"line":48,"column":50},"end":{"line":48,"column":74}},"6":{"start":{"line":55,"column":6},"end":{"line":55,"column":62}},"7":{"start":{"line":57,"column":2},"end":{"line":59,"column":23}},"8":{"start":{"line":58,"column":4},"end":{"line":58,"column":20}},"9":{"start":{"line":62,"column":22},"end":{"line":70,"column":8}},"10":{"start":{"line":63,"column":19},"end":{"line":65,"column":5}},"11":{"start":{"line":67,"column":4},"end":{"line":67,"column":42}},"12":{"start":{"line":67,"column":22},"end":{"line":67,"column":42}},"13":{"start":{"line":69,"column":4},"end":{"line":69,"column":26}},"14":{"start":{"line":73,"column":22},"end":{"line":80,"column":3}},"15":{"start":{"line":75,"column":26},"end":{"line":75,"column":77}},"16":{"start":{"line":75,"column":47},"end":{"line":75,"column":61}},"17":{"start":{"line":77,"column":6},"end":{"line":77,"column":18}},"18":{"start":{"line":83,"column":31},"end":{"line":85,"column":8}},"19":{"start":{"line":84,"column":4},"end":{"line":84,"column":35}},"20":{"start":{"line":84,"column":28},"end":{"line":84,"column":33}},"21":{"start":{"line":88,"column":31},"end":{"line":102,"column":31}},"22":{"start":{"line":90,"column":28},"end":{"line":96,"column":6}},"23":{"start":{"line":91,"column":6},"end":{"line":95,"column":12}},"24":{"start":{"line":99,"column":4},"end":{"line":99,"column":41}},"25":{"start":{"line":99,"column":34},"end":{"line":99,"column":39}},"26":{"start":{"line":101,"column":4},"end":{"line":101,"column":21}},"27":{"start":{"line":105,"column":34},"end":{"line":119,"column":31}},"28":{"start":{"line":107,"column":28},"end":{"line":113,"column":6}},"29":{"start":{"line":108,"column":6},"end":{"line":112,"column":12}},"30":{"start":{"line":116,"column":4},"end":{"line":116,"column":41}},"31":{"start":{"line":116,"column":34},"end":{"line":116,"column":39}},"32":{"start":{"line":118,"column":4},"end":{"line":118,"column":21}},"33":{"start":{"line":122,"column":35},"end":{"line":133,"column":3}},"34":{"start":{"line":124,"column":21},"end":{"line":126,"column":7}},"35":{"start":{"line":128,"column":6},"end":{"line":128,"column":44}},"36":{"start":{"line":128,"column":24},"end":{"line":128,"column":44}},"37":{"start":{"line":130,"column":6},"end":{"line":130,"column":28}},"38":{"start":{"line":135,"column":37},"end":{"line":164,"column":3}},"39":{"start":{"line":136,"column":11},"end":{"line":149,"column":5}},"40":{"start":{"line":166,"column":2},"end":{"line":170,"column":4}}},"fnMap":{"0":{"name":"(anonymous_0)","decl":{"start":{"line":42,"column":29},"end":{"line":42,"column":30}},"loc":{"start":{"line":42,"column":62},"end":{"line":171,"column":1}},"line":42},"1":{"name":"(anonymous_1)","decl":{"start":{"line":57,"column":12},"end":{"line":57,"column":13}},"loc":{"start":{"line":57,"column":18},"end":{"line":59,"column":3}},"line":57},"2":{"name":"(anonymous_2)","decl":{"start":{"line":62,"column":34},"end":{"line":62,"column":35}},"loc":{"start":{"line":62,"column":74},"end":{"line":70,"column":3}},"line":62},"3":{"name":"(anonymous_3)","decl":{"start":{"line":74,"column":4},"end":{"line":74,"column":5}},"loc":{"start":{"line":74,"column":27},"end":{"line":78,"column":5}},"line":74},"4":{"name":"(anonymous_4)","decl":{"start":{"line":75,"column":37},"end":{"line":75,"column":38}},"loc":{"start":{"line":75,"column":47},"end":{"line":75,"column":61}},"line":75},"5":{"name":"(anonymous_5)","decl":{"start":{"line":83,"column":43},"end":{"line":83,"column":44}},"loc":{"start":{"line":83,"column":55},"end":{"line":85,"column":3}},"line":83},"6":{"name":"(anonymous_6)","decl":{"start":{"line":84,"column":18},"end":{"line":84,"column":19}},"loc":{"start":{"line":84,"column":28},"end":{"line":84,"column":33}},"line":84},"7":{"name":"(anonymous_7)","decl":{"start":{"line":88,"column":43},"end":{"line":88,"column":44}},"loc":{"start":{"line":88,"column":55},"end":{"line":102,"column":3}},"line":88},"8":{"name":"(anonymous_8)","decl":{"start":{"line":90,"column":39},"end":{"line":90,"column":40}},"loc":{"start":{"line":90,"column":49},"end":{"line":96,"column":5}},"line":90},"9":{"name":"(anonymous_9)","decl":{"start":{"line":99,"column":24},"end":{"line":99,"column":25}},"loc":{"start":{"line":99,"column":34},"end":{"line":99,"column":39}},"line":99},"10":{"name":"(anonymous_10)","decl":{"start":{"line":105,"column":46},"end":{"line":105,"column":47}},"loc":{"start":{"line":105,"column":58},"end":{"line":119,"column":3}},"line":105},"11":{"name":"(anonymous_11)","decl":{"start":{"line":107,"column":39},"end":{"line":107,"column":40}},"loc":{"start":{"line":107,"column":49},"end":{"line":113,"column":5}},"line":107},"12":{"name":"(anonymous_12)","decl":{"start":{"line":116,"column":24},"end":{"line":116,"column":25}},"loc":{"start":{"line":116,"column":34},"end":{"line":116,"column":39}},"line":116},"13":{"name":"(anonymous_13)","decl":{"start":{"line":123,"column":4},"end":{"line":123,"column":5}},"loc":{"start":{"line":123,"column":44},"end":{"line":131,"column":5}},"line":123},"14":{"name":"(anonymous_14)","decl":{"start":{"line":136,"column":4},"end":{"line":136,"column":5}},"loc":{"start":{"line":136,"column":11},"end":{"line":149,"column":5}},"line":136}},"branchMap":{"0":{"loc":{"start":{"line":67,"column":4},"end":{"line":67,"column":42}},"type":"if","locations":[{"start":{"line":67,"column":4},"end":{"line":67,"column":42}},{"start":{},"end":{}}],"line":67},"1":{"loc":{"start":{"line":75,"column":26},"end":{"line":75,"column":77}},"type":"binary-expr","locations":[{"start":{"line":75,"column":26},"end":{"line":75,"column":62}},{"start":{"line":75,"column":66},"end":{"line":75,"column":77}}],"line":75},"2":{"loc":{"start":{"line":91,"column":13},"end":{"line":95,"column":11}},"type":"cond-expr","locations":[{"start":{"line":92,"column":10},"end":{"line":94,"column":40}},{"start":{"line":95,"column":10},"end":{"line":95,"column":11}}],"line":91},"3":{"loc":{"start":{"line":91,"column":13},"end":{"line":91,"column":69}},"type":"binary-expr","locations":[{"start":{"line":91,"column":13},"end":{"line":91,"column":39}},{"start":{"line":91,"column":43},"end":{"line":91,"column":69}}],"line":91},"4":{"loc":{"start":{"line":92,"column":10},"end":{"line":94,"column":40}},"type":"cond-expr","locations":[{"start":{"line":93,"column":12},"end":{"line":93,"column":40}},{"start":{"line":94,"column":12},"end":{"line":94,"column":40}}],"line":92},"5":{"loc":{"start":{"line":108,"column":13},"end":{"line":112,"column":11}},"type":"cond-expr","locations":[{"start":{"line":109,"column":10},"end":{"line":111,"column":37}},{"start":{"line":112,"column":10},"end":{"line":112,"column":11}}],"line":108},"6":{"loc":{"start":{"line":108,"column":13},"end":{"line":108,"column":79}},"type":"binary-expr","locations":[{"start":{"line":108,"column":13},"end":{"line":108,"column":44}},{"start":{"line":108,"column":48},"end":{"line":108,"column":79}}],"line":108},"7":{"loc":{"start":{"line":109,"column":10},"end":{"line":111,"column":37}},"type":"cond-expr","locations":[{"start":{"line":110,"column":12},"end":{"line":110,"column":37}},{"start":{"line":111,"column":12},"end":{"line":111,"column":37}}],"line":109},"8":{"loc":{"start":{"line":128,"column":6},"end":{"line":128,"column":44}},"type":"if","locations":[{"start":{"line":128,"column":6},"end":{"line":128,"column":44}},{"start":{},"end":{}}],"line":128},"9":{"loc":{"start":{"line":137,"column":13},"end":{"line":137,"column":24}},"type":"binary-expr","locations":[{"start":{"line":137,"column":13},"end":{"line":137,"column":18}},{"start":{"line":137,"column":22},"end":{"line":137,"column":24}}],"line":137}},"s":{"0":7,"1":7,"2":12,"3":12,"4":12,"5":12,"6":12,"7":12,"8":6,"9":12,"10":0,"11":0,"12":0,"13":0,"14":12,"15":0,"16":0,"17":0,"18":12,"19":0,"20":0,"21":12,"22":0,"23":0,"24":0,"25":0,"26":0,"27":12,"28":0,"29":0,"30":0,"31":0,"32":0,"33":12,"34":0,"35":0,"36":0,"37":0,"38":12,"39":12,"40":12},"f":{"0":12,"1":6,"2":0,"3":0,"4":0,"5":0,"6":0,"7":0,"8":0,"9":0,"10":0,"11":0,"12":0,"13":0,"14":12},"b":{"0":[0,0],"1":[0,0],"2":[0,0],"3":[0,0],"4":[0,0],"5":[0,0],"6":[0,0],"7":[0,0],"8":[0,0],"9":[12,6]},"_coverageSchema":"1a1c01bbd47fc00a2c39e90264f33305004495a9","hash":"339f0ae82ba5e6b20f66a4a685fe66e12c213ca3"}
,"/home/thuandang/Desktop/Game Store/src/contexts/CategoriesContext.tsx": {"path":"/home/thuandang/Desktop/Game Store/src/contexts/CategoriesContext.tsx","statementMap":{"0":{"start":{"line":28,"column":33},"end":{"line":30,"column":1}},"1":{"start":{"line":33,"column":34},"end":{"line":95,"column":1}},"2":{"start":{"line":34,"column":38},"end":{"line":34,"column":63}},"3":{"start":{"line":35,"column":40},"end":{"line":35,"column":62}},"4":{"start":{"line":38,"column":33},"end":{"line":40,"column":3}},"5":{"start":{"line":43,"column":30},"end":{"line":48,"column":3}},"6":{"start":{"line":45,"column":6},"end":{"line":45,"column":43}},"7":{"start":{"line":51,"column":26},"end":{"line":55,"column":3}},"8":{"start":{"line":53,"column":6},"end":{"line":53,"column":68}},"9":{"start":{"line":53,"column":35},"end":{"line":53,"column":67}},"10":{"start":{"line":53,"column":52},"end":{"line":53,"column":66}},"11":{"start":{"line":58,"column":39},"end":{"line":66,"column":3}},"12":{"start":{"line":61,"column":22},"end":{"line":61,"column":67}},"13":{"start":{"line":61,"column":49},"end":{"line":61,"column":66}},"14":{"start":{"line":63,"column":6},"end":{"line":63,"column":30}},"15":{"start":{"line":68,"column":2},"end":{"line":70,"column":15}},"16":{"start":{"line":69,"column":4},"end":{"line":69,"column":25}},"17":{"start":{"line":72,"column":43},"end":{"line":88,"column":3}},"18":{"start":{"line":73,"column":11},"end":{"line":80,"column":5}},"19":{"start":{"line":90,"column":2},"end":{"line":94,"column":4}}},"fnMap":{"0":{"name":"(anonymous_0)","decl":{"start":{"line":33,"column":34},"end":{"line":33,"column":35}},"loc":{"start":{"line":33,"column":72},"end":{"line":95,"column":1}},"line":33},"1":{"name":"(anonymous_1)","decl":{"start":{"line":44,"column":4},"end":{"line":44,"column":5}},"loc":{"start":{"line":44,"column":26},"end":{"line":46,"column":5}},"line":44},"2":{"name":"(anonymous_2)","decl":{"start":{"line":52,"column":4},"end":{"line":52,"column":5}},"loc":{"start":{"line":53,"column":6},"end":{"line":53,"column":68}},"line":53},"3":{"name":"(anonymous_3)","decl":{"start":{"line":53,"column":25},"end":{"line":53,"column":26}},"loc":{"start":{"line":53,"column":35},"end":{"line":53,"column":67}},"line":53},"4":{"name":"(anonymous_4)","decl":{"start":{"line":53,"column":44},"end":{"line":53,"column":45}},"loc":{"start":{"line":53,"column":52},"end":{"line":53,"column":66}},"line":53},"5":{"name":"(anonymous_5)","decl":{"start":{"line":59,"column":4},"end":{"line":59,"column":5}},"loc":{"start":{"line":59,"column":34},"end":{"line":64,"column":5}},"line":59},"6":{"name":"(anonymous_6)","decl":{"start":{"line":61,"column":41},"end":{"line":61,"column":42}},"loc":{"start":{"line":61,"column":49},"end":{"line":61,"column":66}},"line":61},"7":{"name":"(anonymous_7)","decl":{"start":{"line":68,"column":12},"end":{"line":68,"column":13}},"loc":{"start":{"line":68,"column":18},"end":{"line":70,"column":3}},"line":68},"8":{"name":"(anonymous_8)","decl":{"start":{"line":73,"column":4},"end":{"line":73,"column":5}},"loc":{"start":{"line":73,"column":11},"end":{"line":80,"column":5}},"line":73}},"branchMap":{"0":{"loc":{"start":{"line":74,"column":18},"end":{"line":74,"column":34}},"type":"binary-expr","locations":[{"start":{"line":74,"column":18},"end":{"line":74,"column":28}},{"start":{"line":74,"column":32},"end":{"line":74,"column":34}}],"line":74}},"s":{"0":5,"1":5,"2":10,"3":10,"4":10,"5":10,"6":0,"7":10,"8":0,"9":0,"10":0,"11":10,"12":0,"13":0,"14":0,"15":10,"16":5,"17":10,"18":10,"19":10},"f":{"0":10,"1":0,"2":0,"3":0,"4":0,"5":0,"6":0,"7":5,"8":10},"b":{"0":[10,5]},"_coverageSchema":"1a1c01bbd47fc00a2c39e90264f33305004495a9","hash":"c3bce31286363f860e2fb3b26d5f58bdb2d825f3"}
,"/home/thuandang/Desktop/Game Store/src/hooks/index.ts": {"path":"/home/thuandang/Desktop/Game Store/src/hooks/index.ts","statementMap":{},"fnMap":{},"branchMap":{},"s":{},"f":{},"b":{},"_coverageSchema":"1a1c01bbd47fc00a2c39e90264f33305004495a9","hash":"7f977a84c8ce8f92109e7d98ba0653ab4fa82e50"}
,"/home/thuandang/Desktop/Game Store/src/hooks/useBooks.ts": {"path":"/home/thuandang/Desktop/Game Store/src/hooks/useBooks.ts","statementMap":{"0":{"start":{"line":5,"column":24},"end":{"line":5,"column":54}},"1":{"start":{"line":5,"column":30},"end":{"line":5,"column":54}}},"fnMap":{"0":{"name":"(anonymous_0)","decl":{"start":{"line":5,"column":24},"end":{"line":5,"column":25}},"loc":{"start":{"line":5,"column":30},"end":{"line":5,"column":54}},"line":5}},"branchMap":{},"s":{"0":3,"1":8},"f":{"0":8},"b":{},"_coverageSchema":"1a1c01bbd47fc00a2c39e90264f33305004495a9","hash":"3d477a15d7d64722fb588154fa88bc7e4718845b"}
,"/home/thuandang/Desktop/Game Store/src/hooks/useCategories.ts": {"path":"/home/thuandang/Desktop/Game Store/src/hooks/useCategories.ts","statementMap":{"0":{"start":{"line":5,"column":29},"end":{"line":5,"column":64}},"1":{"start":{"line":5,"column":35},"end":{"line":5,"column":64}}},"fnMap":{"0":{"name":"(anonymous_0)","decl":{"start":{"line":5,"column":29},"end":{"line":5,"column":30}},"loc":{"start":{"line":5,"column":35},"end":{"line":5,"column":64}},"line":5}},"branchMap":{},"s":{"0":2,"1":7},"f":{"0":7},"b":{},"_coverageSchema":"1a1c01bbd47fc00a2c39e90264f33305004495a9","hash":"bb78d244f356d05f662704dc3f17cddffc980e21"}
,"/home/thuandang/Desktop/Game Store/src/hooks/useDebounce.ts": {"path":"/home/thuandang/Desktop/Game Store/src/hooks/useDebounce.ts","statementMap":{"0":{"start":{"line":3,"column":27},"end":{"line":15,"column":1}},"1":{"start":{"line":4,"column":46},"end":{"line":4,"column":64}},"2":{"start":{"line":6,"column":2},"end":{"line":12,"column":21}},"3":{"start":{"line":7,"column":18},"end":{"line":7,"column":74}},"4":{"start":{"line":7,"column":35},"end":{"line":7,"column":59}},"5":{"start":{"line":9,"column":4},"end":{"line":11,"column":6}},"6":{"start":{"line":10,"column":6},"end":{"line":10,"column":26}},"7":{"start":{"line":14,"column":2},"end":{"line":14,"column":24}}},"fnMap":{"0":{"name":"(anonymous_0)","decl":{"start":{"line":3,"column":27},"end":{"line":3,"column":28}},"loc":{"start":{"line":3,"column":63},"end":{"line":15,"column":1}},"line":3},"1":{"name":"(anonymous_1)","decl":{"start":{"line":6,"column":12},"end":{"line":6,"column":13}},"loc":{"start":{"line":6,"column":18},"end":{"line":12,"column":3}},"line":6},"2":{"name":"(anonymous_2)","decl":{"start":{"line":7,"column":29},"end":{"line":7,"column":30}},"loc":{"start":{"line":7,"column":35},"end":{"line":7,"column":59}},"line":7},"3":{"name":"(anonymous_3)","decl":{"start":{"line":9,"column":11},"end":{"line":9,"column":12}},"loc":{"start":{"line":9,"column":17},"end":{"line":11,"column":5}},"line":9}},"branchMap":{"0":{"loc":{"start":{"line":7,"column":61},"end":{"line":7,"column":73}},"type":"binary-expr","locations":[{"start":{"line":7,"column":61},"end":{"line":7,"column":66}},{"start":{"line":7,"column":70},"end":{"line":7,"column":73}}],"line":7}},"s":{"0":3,"1":2,"2":2,"3":2,"4":2,"5":2,"6":2,"7":2},"f":{"0":2,"1":2,"2":2,"3":2},"b":{"0":[2,1]},"_coverageSchema":"1a1c01bbd47fc00a2c39e90264f33305004495a9","hash":"3fd5b3718227390bbbfa5fd79cfe22d8510e3bea"}
,"/home/thuandang/Desktop/Game Store/src/hooks/useFetching.ts": {"path":"/home/thuandang/Desktop/Game Store/src/hooks/useFetching.ts","statementMap":{"0":{"start":{"line":6,"column":27},"end":{"line":22,"column":1}},"1":{"start":{"line":13,"column":18},"end":{"line":13,"column":62}},"2":{"start":{"line":13,"column":30},"end":{"line":13,"column":62}},"3":{"start":{"line":15,"column":37},"end":{"line":15,"column":69}},"4":{"start":{"line":17,"column":2},"end":{"line":21,"column":4}}},"fnMap":{"0":{"name":"(anonymous_0)","decl":{"start":{"line":6,"column":27},"end":{"line":6,"column":28}},"loc":{"start":{"line":12,"column":5},"end":{"line":22,"column":1}},"line":12},"1":{"name":"(anonymous_1)","decl":{"start":{"line":13,"column":18},"end":{"line":13,"column":19}},"loc":{"start":{"line":13,"column":30},"end":{"line":13,"column":62}},"line":13}},"branchMap":{},"s":{"0":7,"1":22,"2":9,"3":22,"4":22},"f":{"0":22,"1":9},"b":{},"_coverageSchema":"1a1c01bbd47fc00a2c39e90264f33305004495a9","hash":"6254c6bc745857efccc3c8d4949e993ef822f276"}
,"/home/thuandang/Desktop/Game Store/src/pages/Home/index.styled.ts": {"path":"/home/thuandang/Desktop/Game Store/src/pages/Home/index.styled.ts","statementMap":{"0":{"start":{"line":3,"column":33},"end":{"line":7,"column":1}}},"fnMap":{},"branchMap":{},"s":{"0":0},"f":{},"b":{}}
,"/home/thuandang/Desktop/Game Store/src/pages/Home/index.tsx": {"path":"/home/thuandang/Desktop/Game Store/src/pages/Home/index.tsx","statementMap":{"0":{"start":{"line":31,"column":20},"end":{"line":31,"column":76}},"1":{"start":{"line":31,"column":31},"end":{"line":31,"column":75}},"2":{"start":{"line":32,"column":20},"end":{"line":32,"column":76}},"3":{"start":{"line":32,"column":31},"end":{"line":32,"column":75}},"4":{"start":{"line":34,"column":13},"end":{"line":138,"column":1}},"5":{"start":{"line":35,"column":51},"end":{"line":35,"column":61}},"6":{"start":{"line":37,"column":25},"end":{"line":37,"column":40}},"7":{"start":{"line":39,"column":40},"end":{"line":39,"column":55}},"8":{"start":{"line":41,"column":38},"end":{"line":41,"column":58}},"9":{"start":{"line":42,"column":24},"end":{"line":42,"column":47}},"10":{"start":{"line":44,"column":40},"end":{"line":44,"column":64}},"11":{"start":{"line":45,"column":46},"end":{"line":45,"column":66}},"12":{"start":{"line":46,"column":52},"end":{"line":46,"column":76}},"13":{"start":{"line":49,"column":28},"end":{"line":51,"column":19}},"14":{"start":{"line":50,"column":4},"end":{"line":50,"column":33}},"15":{"start":{"line":54,"column":28},"end":{"line":66,"column":3}},"16":{"start":{"line":56,"column":20},"end":{"line":56,"column":38}},"17":{"start":{"line":58,"column":6},"end":{"line":58,"column":27}},"18":{"start":{"line":61,"column":6},"end":{"line":63,"column":7}},"19":{"start":{"line":62,"column":8},"end":{"line":62,"column":33}},"20":{"start":{"line":68,"column":2},"end":{"line":77,"column":22}},"21":{"start":{"line":70,"column":23},"end":{"line":72,"column":5}},"22":{"start":{"line":71,"column":6},"end":{"line":71,"column":39}},"23":{"start":{"line":74,"column":4},"end":{"line":76,"column":5}},"24":{"start":{"line":75,"column":6},"end":{"line":75,"column":19}},"25":{"start":{"line":80,"column":34},"end":{"line":83,"column":8}},"26":{"start":{"line":81,"column":4},"end":{"line":81,"column":26}},"27":{"start":{"line":82,"column":4},"end":{"line":82,"column":24}},"28":{"start":{"line":85,"column":28},"end":{"line":87,"column":19}},"29":{"start":{"line":86,"column":4},"end":{"line":86,"column":36}},"30":{"start":{"line":86,"column":29},"end":{"line":86,"column":34}},"31":{"start":{"line":90,"column":32},"end":{"line":94,"column":8}},"32":{"start":{"line":91,"column":4},"end":{"line":93,"column":5}},"33":{"start":{"line":92,"column":6},"end":{"line":92,"column":26}},"34":{"start":{"line":97,"column":34},"end":{"line":99,"column":8}},"35":{"start":{"line":98,"column":4},"end":{"line":98,"column":42}},"36":{"start":{"line":98,"column":35},"end":{"line":98,"column":40}},"37":{"start":{"line":101,"column":2},"end":{"line":137,"column":4}}},"fnMap":{"0":{"name":"(anonymous_0)","decl":{"start":{"line":31,"column":25},"end":{"line":31,"column":26}},"loc":{"start":{"line":31,"column":31},"end":{"line":31,"column":75}},"line":31},"1":{"name":"(anonymous_1)","decl":{"start":{"line":32,"column":25},"end":{"line":32,"column":26}},"loc":{"start":{"line":32,"column":31},"end":{"line":32,"column":75}},"line":32},"2":{"name":"(anonymous_2)","decl":{"start":{"line":34,"column":13},"end":{"line":34,"column":14}},"loc":{"start":{"line":34,"column":39},"end":{"line":138,"column":1}},"line":34},"3":{"name":"(anonymous_3)","decl":{"start":{"line":49,"column":40},"end":{"line":49,"column":41}},"loc":{"start":{"line":49,"column":46},"end":{"line":51,"column":3}},"line":49},"4":{"name":"(anonymous_4)","decl":{"start":{"line":55,"column":4},"end":{"line":55,"column":5}},"loc":{"start":{"line":55,"column":67},"end":{"line":64,"column":5}},"line":55},"5":{"name":"(anonymous_5)","decl":{"start":{"line":68,"column":12},"end":{"line":68,"column":13}},"loc":{"start":{"line":68,"column":18},"end":{"line":77,"column":3}},"line":68},"6":{"name":"(anonymous_6)","decl":{"start":{"line":70,"column":23},"end":{"line":70,"column":24}},"loc":{"start":{"line":70,"column":35},"end":{"line":72,"column":5}},"line":70},"7":{"name":"(anonymous_7)","decl":{"start":{"line":80,"column":46},"end":{"line":80,"column":47}},"loc":{"start":{"line":80,"column":62},"end":{"line":83,"column":3}},"line":80},"8":{"name":"(anonymous_8)","decl":{"start":{"line":85,"column":40},"end":{"line":85,"column":41}},"loc":{"start":{"line":85,"column":52},"end":{"line":87,"column":3}},"line":85},"9":{"name":"(anonymous_9)","decl":{"start":{"line":86,"column":19},"end":{"line":86,"column":20}},"loc":{"start":{"line":86,"column":29},"end":{"line":86,"column":34}},"line":86},"10":{"name":"(anonymous_10)","decl":{"start":{"line":90,"column":44},"end":{"line":90,"column":45}},"loc":{"start":{"line":90,"column":76},"end":{"line":94,"column":3}},"line":90},"11":{"name":"(anonymous_11)","decl":{"start":{"line":97,"column":46},"end":{"line":97,"column":47}},"loc":{"start":{"line":97,"column":52},"end":{"line":99,"column":3}},"line":97},"12":{"name":"(anonymous_12)","decl":{"start":{"line":98,"column":25},"end":{"line":98,"column":26}},"loc":{"start":{"line":98,"column":35},"end":{"line":98,"column":40}},"line":98}},"branchMap":{"0":{"loc":{"start":{"line":61,"column":6},"end":{"line":63,"column":7}},"type":"if","locations":[{"start":{"line":61,"column":6},"end":{"line":63,"column":7}},{"start":{},"end":{}}],"line":61},"1":{"loc":{"start":{"line":74,"column":4},"end":{"line":76,"column":5}},"type":"if","locations":[{"start":{"line":74,"column":4},"end":{"line":76,"column":5}},{"start":{},"end":{}}],"line":74},"2":{"loc":{"start":{"line":91,"column":4},"end":{"line":93,"column":5}},"type":"if","locations":[{"start":{"line":91,"column":4},"end":{"line":93,"column":5}},{"start":{},"end":{}}],"line":91},"3":{"loc":{"start":{"line":102,"column":26},"end":{"line":102,"column":62}},"type":"cond-expr","locations":[{"start":{"line":102,"column":40},"end":{"line":102,"column":49}},{"start":{"line":102,"column":52},"end":{"line":102,"column":62}}],"line":102},"4":{"loc":{"start":{"line":118,"column":7},"end":{"line":126,"column":7}},"type":"binary-expr","locations":[{"start":{"line":118,"column":7},"end":{"line":118,"column":18}},{"start":{"line":119,"column":8},"end":{"line":125,"column":10}}],"line":118},"5":{"loc":{"start":{"line":127,"column":7},"end":{"line":135,"column":7}},"type":"binary-expr","locations":[{"start":{"line":127,"column":7},"end":{"line":127,"column":24}},{"start":{"line":128,"column":8},"end":{"line":134,"column":10}}],"line":127}},"s":{"0":0,"1":0,"2":0,"3":0,"4":0,"5":0,"6":0,"7":0,"8":0,"9":0,"10":0,"11":0,"12":0,"13":0,"14":0,"15":0,"16":0,"17":0,"18":0,"19":0,"20":0,"21":0,"22":0,"23":0,"24":0,"25":0,"26":0,"27":0,"28":0,"29":0,"30":0,"31":0,"32":0,"33":0,"34":0,"35":0,"36":0,"37":0},"f":{"0":0,"1":0,"2":0,"3":0,"4":0,"5":0,"6":0,"7":0,"8":0,"9":0,"10":0,"11":0,"12":0},"b":{"0":[0,0],"1":[0,0],"2":[0,0],"3":[0,0],"4":[0,0],"5":[0,0]}}
,"/home/thuandang/Desktop/Game Store/src/pages/Home/components/Books/index.styled.ts": {"path":"/home/thuandang/Desktop/Game Store/src/pages/Home/components/Books/index.styled.ts","statementMap":{"0":{"start":{"line":7,"column":27},"end":{"line":17,"column":1}},"1":{"start":{"line":8,"column":25},"end":{"line":8,"column":67}},"2":{"start":{"line":12,"column":31},"end":{"line":12,"column":48}}},"fnMap":{"0":{"name":"(anonymous_0)","decl":{"start":{"line":8,"column":13},"end":{"line":8,"column":14}},"loc":{"start":{"line":8,"column":25},"end":{"line":8,"column":67}},"line":8},"1":{"name":"(anonymous_1)","decl":{"start":{"line":12,"column":16},"end":{"line":12,"column":17}},"loc":{"start":{"line":12,"column":31},"end":{"line":12,"column":48}},"line":12}},"branchMap":{"0":{"loc":{"start":{"line":8,"column":25},"end":{"line":8,"column":67}},"type":"cond-expr","locations":[{"start":{"line":8,"column":44},"end":{"line":8,"column":50}},{"start":{"line":8,"column":53},"end":{"line":8,"column":67}}],"line":8}},"s":{"0":1,"1":2,"2":2},"f":{"0":2,"1":2},"b":{"0":[2,0]},"_coverageSchema":"1a1c01bbd47fc00a2c39e90264f33305004495a9","hash":"418843d827e15d1fcab341ef3386acd60eab1624"}
,"/home/thuandang/Desktop/Game Store/src/pages/Home/components/Books/index.tsx": {"path":"/home/thuandang/Desktop/Game Store/src/pages/Home/components/Books/index.tsx","statementMap":{"0":{"start":{"line":21,"column":14},"end":{"line":49,"column":1}},"1":{"start":{"line":25,"column":38},"end":{"line":25,"column":48}},"2":{"start":{"line":27,"column":2},"end":{"line":48,"column":4}},"3":{"start":{"line":33,"column":10},"end":{"line":39,"column":16}}},"fnMap":{"0":{"name":"(anonymous_0)","decl":{"start":{"line":21,"column":14},"end":{"line":21,"column":15}},"loc":{"start":{"line":24,"column":38},"end":{"line":49,"column":1}},"line":24},"1":{"name":"(anonymous_1)","decl":{"start":{"line":32,"column":18},"end":{"line":32,"column":19}},"loc":{"start":{"line":33,"column":10},"end":{"line":39,"column":16}},"line":33}},"branchMap":{"0":{"loc":{"start":{"line":27,"column":9},"end":{"line":48,"column":3}},"type":"cond-expr","locations":[{"start":{"line":28,"column":4},"end":{"line":28,"column":15}},{"start":{"line":30,"column":4},"end":{"line":47,"column":18}}],"line":27},"1":{"loc":{"start":{"line":31,"column":7},"end":{"line":43,"column":7}},"type":"cond-expr","locations":[{"start":{"line":32,"column":8},"end":{"line":40,"column":10}},{"start":{"line":42,"column":8},"end":{"line":42,"column":45}}],"line":31},"2":{"loc":{"start":{"line":46,"column":7},"end":{"line":46,"column":50}},"type":"binary-expr","locations":[{"start":{"line":46,"column":7},"end":{"line":46,"column":12}},{"start":{"line":46,"column":16},"end":{"line":46,"column":50}}],"line":46}},"s":{"0":1,"1":2,"2":2,"3":0},"f":{"0":2,"1":0},"b":{"0":[0,2],"1":[0,2],"2":[2,0]},"_coverageSchema":"1a1c01bbd47fc00a2c39e90264f33305004495a9","hash":"23f3503c3879c53d17318aadc76be25fe1aff636"}
,"/home/thuandang/Desktop/Game Store/src/pages/Home/components/LabelButton/index.styled.ts": {"path":"/home/thuandang/Desktop/Game Store/src/pages/Home/components/LabelButton/index.styled.ts","statementMap":{"0":{"start":{"line":5,"column":33},"end":{"line":18,"column":1}}},"fnMap":{},"branchMap":{},"s":{"0":2},"f":{},"b":{},"_coverageSchema":"1a1c01bbd47fc00a2c39e90264f33305004495a9","hash":"c8119fb11ef98e7d857860677591787635fc88c7"}
,"/home/thuandang/Desktop/Game Store/src/pages/Home/components/LabelButton/index.tsx": {"path":"/home/thuandang/Desktop/Game Store/src/pages/Home/components/LabelButton/index.tsx","statementMap":{"0":{"start":{"line":7,"column":20},"end":{"line":9,"column":1}},"1":{"start":{"line":8,"column":2},"end":{"line":8,"column":57}}},"fnMap":{"0":{"name":"(anonymous_0)","decl":{"start":{"line":7,"column":20},"end":{"line":7,"column":21}},"loc":{"start":{"line":8,"column":2},"end":{"line":8,"column":57}},"line":8}},"branchMap":{},"s":{"0":2,"1":5},"f":{"0":5},"b":{},"_coverageSchema":"1a1c01bbd47fc00a2c39e90264f33305004495a9","hash":"33ba2d0c4cb166071f7dacbae8c4f0420ffa766a"}
,"/home/thuandang/Desktop/Game Store/src/pages/Home/components/SideBar/index.styled.ts": {"path":"/home/thuandang/Desktop/Game Store/src/pages/Home/components/SideBar/index.styled.ts","statementMap":{"0":{"start":{"line":7,"column":25},"end":{"line":12,"column":1}},"1":{"start":{"line":9,"column":37},"end":{"line":9,"column":54}},"2":{"start":{"line":14,"column":25},"end":{"line":19,"column":1}},"3":{"start":{"line":18,"column":26},"end":{"line":18,"column":41}}},"fnMap":{"0":{"name":"(anonymous_0)","decl":{"start":{"line":9,"column":22},"end":{"line":9,"column":23}},"loc":{"start":{"line":9,"column":37},"end":{"line":9,"column":54}},"line":9},"1":{"name":"(anonymous_1)","decl":{"start":{"line":18,"column":11},"end":{"line":18,"column":12}},"loc":{"start":{"line":18,"column":26},"end":{"line":18,"column":41}},"line":18}},"branchMap":{},"s":{"0":1,"1":1,"2":1,"3":1},"f":{"0":1,"1":1},"b":{},"_coverageSchema":"1a1c01bbd47fc00a2c39e90264f33305004495a9","hash":"ca7d58c882b920dbd47fcae507bf23baf40b2f49"}
,"/home/thuandang/Desktop/Game Store/src/pages/Home/components/SideBar/index.tsx": {"path":"/home/thuandang/Desktop/Game Store/src/pages/Home/components/SideBar/index.tsx","statementMap":{"0":{"start":{"line":18,"column":16},"end":{"line":48,"column":1}},"1":{"start":{"line":19,"column":47},"end":{"line":19,"column":62}},"2":{"start":{"line":20,"column":39},"end":{"line":20,"column":49}},"3":{"start":{"line":23,"column":31},"end":{"line":31,"column":3}},"4":{"start":{"line":25,"column":6},"end":{"line":25,"column":30}},"5":{"start":{"line":28,"column":6},"end":{"line":28,"column":53}},"6":{"start":{"line":33,"column":2},"end":{"line":47,"column":4}},"7":{"start":{"line":39,"column":8},"end":{"line":44,"column":14}}},"fnMap":{"0":{"name":"(anonymous_0)","decl":{"start":{"line":18,"column":16},"end":{"line":18,"column":17}},"loc":{"start":{"line":18,"column":70},"end":{"line":48,"column":1}},"line":18},"1":{"name":"(anonymous_1)","decl":{"start":{"line":24,"column":4},"end":{"line":24,"column":5}},"loc":{"start":{"line":24,"column":20},"end":{"line":29,"column":5}},"line":24},"2":{"name":"(anonymous_2)","decl":{"start":{"line":38,"column":23},"end":{"line":38,"column":24}},"loc":{"start":{"line":39,"column":8},"end":{"line":44,"column":14}},"line":39}},"branchMap":{},"s":{"0":1,"1":1,"2":1,"3":1,"4":0,"5":0,"6":1,"7":2},"f":{"0":1,"1":0,"2":2},"b":{},"_coverageSchema":"1a1c01bbd47fc00a2c39e90264f33305004495a9","hash":"2c2c702a1f6ee3640d3b137dcfab269803faff30"}
,"/home/thuandang/Desktop/Game Store/src/pages/Home/components/SubHeader/index.styled.ts": {"path":"/home/thuandang/Desktop/Game Store/src/pages/Home/components/SubHeader/index.styled.ts","statementMap":{"0":{"start":{"line":10,"column":24},"end":{"line":16,"column":1}},"1":{"start":{"line":15,"column":37},"end":{"line":15,"column":54}},"2":{"start":{"line":18,"column":20},"end":{"line":21,"column":1}},"3":{"start":{"line":20,"column":26},"end":{"line":20,"column":41}},"4":{"start":{"line":23,"column":29},"end":{"line":28,"column":1}},"5":{"start":{"line":30,"column":25},"end":{"line":32,"column":1}},"6":{"start":{"line":31,"column":26},"end":{"line":31,"column":41}}},"fnMap":{"0":{"name":"(anonymous_0)","decl":{"start":{"line":15,"column":22},"end":{"line":15,"column":23}},"loc":{"start":{"line":15,"column":37},"end":{"line":15,"column":54}},"line":15},"1":{"name":"(anonymous_1)","decl":{"start":{"line":20,"column":11},"end":{"line":20,"column":12}},"loc":{"start":{"line":20,"column":26},"end":{"line":20,"column":41}},"line":20},"2":{"name":"(anonymous_2)","decl":{"start":{"line":31,"column":11},"end":{"line":31,"column":12}},"loc":{"start":{"line":31,"column":26},"end":{"line":31,"column":41}},"line":31}},"branchMap":{},"s":{"0":0,"1":0,"2":0,"3":0,"4":0,"5":0,"6":0},"f":{"0":0,"1":0,"2":0},"b":{}}
,"/home/thuandang/Desktop/Game Store/src/pages/Home/components/SubHeader/index.tsx": {"path":"/home/thuandang/Desktop/Game Store/src/pages/Home/components/SubHeader/index.tsx","statementMap":{"0":{"start":{"line":24,"column":18},"end":{"line":97,"column":1}},"1":{"start":{"line":28,"column":4},"end":{"line":28,"column":19}},"2":{"start":{"line":30,"column":59},"end":{"line":30,"column":69}},"3":{"start":{"line":32,"column":21},"end":{"line":32,"column":49}},"4":{"start":{"line":34,"column":2},"end":{"line":34,"column":40}},"5":{"start":{"line":37,"column":33},"end":{"line":53,"column":3}},"6":{"start":{"line":39,"column":6},"end":{"line":39,"column":39}},"7":{"start":{"line":41,"column":24},"end":{"line":41,"column":77}},"8":{"start":{"line":41,"column":59},"end":{"line":41,"column":76}},"9":{"start":{"line":44,"column":6},"end":{"line":48,"column":7}},"10":{"start":{"line":45,"column":8},"end":{"line":45,"column":24}},"11":{"start":{"line":47,"column":8},"end":{"line":47,"column":15}},"12":{"start":{"line":50,"column":6},"end":{"line":50,"column":42}},"13":{"start":{"line":55,"column":2},"end":{"line":96,"column":4}},"14":{"start":{"line":61,"column":10},"end":{"line":76,"column":16}},"15":{"start":{"line":72,"column":29},"end":{"line":72,"column":64}}},"fnMap":{"0":{"name":"(anonymous_0)","decl":{"start":{"line":24,"column":18},"end":{"line":24,"column":19}},"loc":{"start":{"line":26,"column":42},"end":{"line":97,"column":1}},"line":26},"1":{"name":"(anonymous_1)","decl":{"start":{"line":38,"column":4},"end":{"line":38,"column":5}},"loc":{"start":{"line":38,"column":20},"end":{"line":51,"column":5}},"line":38},"2":{"name":"(anonymous_2)","decl":{"start":{"line":41,"column":43},"end":{"line":41,"column":44}},"loc":{"start":{"line":41,"column":59},"end":{"line":41,"column":76}},"line":41},"3":{"name":"(anonymous_3)","decl":{"start":{"line":60,"column":25},"end":{"line":60,"column":26}},"loc":{"start":{"line":61,"column":10},"end":{"line":76,"column":16}},"line":61},"4":{"name":"(anonymous_4)","decl":{"start":{"line":72,"column":23},"end":{"line":72,"column":24}},"loc":{"start":{"line":72,"column":29},"end":{"line":72,"column":64}},"line":72}},"branchMap":{"0":{"loc":{"start":{"line":44,"column":6},"end":{"line":48,"column":7}},"type":"if","locations":[{"start":{"line":44,"column":6},"end":{"line":48,"column":7}},{"start":{},"end":{}}],"line":44}},"s":{"0":0,"1":0,"2":0,"3":0,"4":0,"5":0,"6":0,"7":0,"8":0,"9":0,"10":0,"11":0,"12":0,"13":0,"14":0,"15":0},"f":{"0":0,"1":0,"2":0,"3":0,"4":0},"b":{"0":[0,0]}}
,"/home/thuandang/Desktop/Game Store/src/services/APIRequest.ts": {"path":"/home/thuandang/Desktop/Game Store/src/services/APIRequest.ts","statementMap":{"0":{"start":{"line":3,"column":16},"end":{"line":17,"column":1}},"1":{"start":{"line":4,"column":2},"end":{"line":16,"column":3}},"2":{"start":{"line":5,"column":16},"end":{"line":5,"column":39}},"3":{"start":{"line":7,"column":4},"end":{"line":10,"column":6}},"4":{"start":{"line":12,"column":4},"end":{"line":15,"column":6}},"5":{"start":{"line":19,"column":12},"end":{"line":19,"column":23}}},"fnMap":{"0":{"name":"(anonymous_0)","decl":{"start":{"line":3,"column":16},"end":{"line":3,"column":17}},"loc":{"start":{"line":3,"column":60},"end":{"line":17,"column":1}},"line":3}},"branchMap":{},"s":{"0":8,"1":9,"2":9,"3":9,"4":8,"5":8},"f":{"0":9},"b":{},"_coverageSchema":"1a1c01bbd47fc00a2c39e90264f33305004495a9","hash":"1d7778befe4896ae82a28ce3737f6e98873685c0"}
,"/home/thuandang/Desktop/Game Store/src/styled-common/backdrop.ts": {"path":"/home/thuandang/Desktop/Game Store/src/styled-common/backdrop.ts","statementMap":{"0":{"start":{"line":3,"column":24},"end":{"line":10,"column":1}}},"fnMap":{},"branchMap":{},"s":{"0":5},"f":{},"b":{},"_coverageSchema":"1a1c01bbd47fc00a2c39e90264f33305004495a9","hash":"9c2cb9a5be01977b90889671a236f79453b0588d"}
,"/home/thuandang/Desktop/Game Store/src/styled-common/index.ts": {"path":"/home/thuandang/Desktop/Game Store/src/styled-common/index.ts","statementMap":{},"fnMap":{},"branchMap":{},"s":{},"f":{},"b":{},"_coverageSchema":"1a1c01bbd47fc00a2c39e90264f33305004495a9","hash":"d0297e7d6560d666751f9c3ad71a2acd33e748ca"}
,"/home/thuandang/Desktop/Game Store/src/styled-common/layout.ts": {"path":"/home/thuandang/Desktop/Game Store/src/styled-common/layout.ts","statementMap":{"0":{"start":{"line":3,"column":18},"end":{"line":7,"column":1}},"1":{"start":{"line":9,"column":25},"end":{"line":12,"column":1}},"2":{"start":{"line":14,"column":27},"end":{"line":17,"column":1}},"3":{"start":{"line":19,"column":26},"end":{"line":22,"column":1}},"4":{"start":{"line":24,"column":28},"end":{"line":27,"column":1}},"5":{"start":{"line":29,"column":28},"end":{"line":32,"column":1}},"6":{"start":{"line":34,"column":23},"end":{"line":37,"column":1}}},"fnMap":{},"branchMap":{},"s":{"0":6,"1":6,"2":6,"3":6,"4":6,"5":6,"6":6},"f":{},"b":{},"_coverageSchema":"1a1c01bbd47fc00a2c39e90264f33305004495a9","hash":"0911b1355a94c00e14e16baf6f028197af300a1e"}
,"/home/thuandang/Desktop/Game Store/src/styled-common/paragraph.ts": {"path":"/home/thuandang/Desktop/Game Store/src/styled-common/paragraph.ts","statementMap":{"0":{"start":{"line":4,"column":19},"end":{"line":7,"column":1}},"1":{"start":{"line":9,"column":17},"end":{"line":11,"column":1}},"2":{"start":{"line":13,"column":18},"end":{"line":16,"column":1}},"3":{"start":{"line":18,"column":19},"end":{"line":21,"column":1}},"4":{"start":{"line":23,"column":18},"end":{"line":27,"column":1}},"5":{"start":{"line":29,"column":17},"end":{"line":32,"column":1}},"6":{"start":{"line":34,"column":22},"end":{"line":39,"column":1}},"7":{"start":{"line":41,"column":21},"end":{"line":44,"column":1}},"8":{"start":{"line":46,"column":21},"end":{"line":50,"column":1}},"9":{"start":{"line":52,"column":18},"end":{"line":54,"column":1}},"10":{"start":{"line":69,"column":33},"end":{"line":80,"column":1}}},"fnMap":{},"branchMap":{},"s":{"0":6,"1":6,"2":6,"3":6,"4":6,"5":6,"6":6,"7":6,"8":6,"9":6,"10":6},"f":{},"b":{},"_coverageSchema":"1a1c01bbd47fc00a2c39e90264f33305004495a9","hash":"29c6f14e8b68013361bbc50b17eb5661365e255b"}
,"/home/thuandang/Desktop/Game Store/src/test/setupTest.ts": {"path":"/home/thuandang/Desktop/Game Store/src/test/setupTest.ts","statementMap":{"0":{"start":{"line":3,"column":0},"end":{"line":3,"column":23}}},"fnMap":{},"branchMap":{},"s":{"0":0},"f":{},"b":{}}
,"/home/thuandang/Desktop/Game Store/src/themes/colors.ts": {"path":"/home/thuandang/Desktop/Game Store/src/themes/colors.ts","statementMap":{"0":{"start":{"line":1,"column":15},"end":{"line":24,"column":1}},"1":{"start":{"line":26,"column":18},"end":{"line":34,"column":1}},"2":{"start":{"line":36,"column":19},"end":{"line":44,"column":1}}},"fnMap":{},"branchMap":{},"s":{"0":12,"1":12,"2":12},"f":{},"b":{},"_coverageSchema":"1a1c01bbd47fc00a2c39e90264f33305004495a9","hash":"0d7234678f6aee980622e90a2f121fd78e899ce4"}
,"/home/thuandang/Desktop/Game Store/src/themes/fonts.ts": {"path":"/home/thuandang/Desktop/Game Store/src/themes/fonts.ts","statementMap":{"0":{"start":{"line":1,"column":18},"end":{"line":9,"column":1}},"1":{"start":{"line":11,"column":20},"end":{"line":19,"column":1}},"2":{"start":{"line":21,"column":21},"end":{"line":25,"column":1}},"3":{"start":{"line":27,"column":20},"end":{"line":32,"column":1}}},"fnMap":{},"branchMap":{},"s":{"0":12,"1":12,"2":12,"3":12},"f":{},"b":{},"_coverageSchema":"1a1c01bbd47fc00a2c39e90264f33305004495a9","hash":"8d63ba03b670a032976d5437abafca76e98b8283"}
,"/home/thuandang/Desktop/Game Store/src/themes/index.ts": {"path":"/home/thuandang/Desktop/Game Store/src/themes/index.ts","statementMap":{},"fnMap":{},"branchMap":{},"s":{},"f":{},"b":{},"_coverageSchema":"1a1c01bbd47fc00a2c39e90264f33305004495a9","hash":"0b2c6fa38021ad2c01b9721522e99a6f35ded32f"}
,"/home/thuandang/Desktop/Game Store/src/themes/metrics.ts": {"path":"/home/thuandang/Desktop/Game Store/src/themes/metrics.ts","statementMap":{"0":{"start":{"line":1,"column":15},"end":{"line":11,"column":1}},"1":{"start":{"line":13,"column":16},"end":{"line":24,"column":1}},"2":{"start":{"line":26,"column":16},"end":{"line":34,"column":1}},"3":{"start":{"line":36,"column":17},"end":{"line":46,"column":1}},"4":{"start":{"line":48,"column":16},"end":{"line":55,"column":1}},"5":{"start":{"line":57,"column":21},"end":{"line":63,"column":1}}},"fnMap":{},"branchMap":{},"s":{"0":12,"1":12,"2":12,"3":12,"4":12,"5":12},"f":{},"b":{},"_coverageSchema":"1a1c01bbd47fc00a2c39e90264f33305004495a9","hash":"c809a18578955c3a9cd5dd76624989b5ec43e542"}
,"/home/thuandang/Desktop/Game Store/src/types/book.ts": {"path":"/home/thuandang/Desktop/Game Store/src/types/book.ts","statementMap":{},"fnMap":{},"branchMap":{},"s":{},"f":{},"b":{}}
,"/home/thuandang/Desktop/Game Store/src/types/category.ts": {"path":"/home/thuandang/Desktop/Game Store/src/types/category.ts","statementMap":{},"fnMap":{},"branchMap":{},"s":{},"f":{},"b":{}}
,"/home/thuandang/Desktop/Game Store/src/utils/api.tsx": {"path":"/home/thuandang/Desktop/Game Store/src/utils/api.tsx","statementMap":{"0":{"start":{"line":4,"column":29},"end":{"line":10,"column":2}}},"fnMap":{},"branchMap":{},"s":{"0":0},"f":{},"b":{}}
,"/home/thuandang/Desktop/Game Store/src/utils/generateUrl.ts": {"path":"/home/thuandang/Desktop/Game Store/src/utils/generateUrl.ts","statementMap":{"0":{"start":{"line":8,"column":27},"end":{"line":15,"column":1}},"1":{"start":{"line":9,"column":25},"end":{"line":9,"column":37}},"2":{"start":{"line":10,"column":14},"end":{"line":10,"column":48}},"3":{"start":{"line":12,"column":2},"end":{"line":12,"column":64}},"4":{"start":{"line":12,"column":33},"end":{"line":12,"column":64}},"5":{"start":{"line":14,"column":2},"end":{"line":14,"column":35}}},"fnMap":{"0":{"name":"(anonymous_0)","decl":{"start":{"line":8,"column":27},"end":{"line":8,"column":28}},"loc":{"start":{"line":8,"column":65},"end":{"line":15,"column":1}},"line":8}},"branchMap":{"0":{"loc":{"start":{"line":12,"column":2},"end":{"line":12,"column":64}},"type":"if","locations":[{"start":{"line":12,"column":2},"end":{"line":12,"column":64}},{"start":{},"end":{}}],"line":12}},"s":{"0":8,"1":2,"2":2,"3":2,"4":1,"5":1},"f":{"0":2},"b":{"0":[1,1]},"_coverageSchema":"1a1c01bbd47fc00a2c39e90264f33305004495a9","hash":"4610f4384956c1d55ef8deb25e85ce8d13af65cf"}
,"/home/thuandang/Desktop/Game Store/src/utils/testUtils.tsx": {"path":"/home/thuandang/Desktop/Game Store/src/utils/testUtils.tsx","statementMap":{"0":{"start":{"line":7,"column":28},"end":{"line":15,"column":1}},"1":{"start":{"line":8,"column":2},"end":{"line":14,"column":3}}},"fnMap":{"0":{"name":"(anonymous_0)","decl":{"start":{"line":7,"column":28},"end":{"line":7,"column":29}},"loc":{"start":{"line":7,"column":54},"end":{"line":15,"column":1}},"line":7}},"branchMap":{},"s":{"0":3,"1":3},"f":{"0":3},"b":{},"_coverageSchema":"1a1c01bbd47fc00a2c39e90264f33305004495a9","hash":"fe00964ea91c638b62df19c348130f235b3983d5"}
}
