TN:
SF:src/App.tsx
FN:10,(anonymous_0)
FNF:1
FNH:0
FNDA:0,(anonymous_0)
DA:10,0
DA:11,0
LF:2
LH:0
BRF:0
BRH:0
end_of_record
TN:
SF:src/components/Avatar/index.styled.ts
FN:10,(anonymous_0)
FN:11,(anonymous_1)
FN:12,(anonymous_2)
FNF:3
FNH:3
FNDA:6,(anonymous_0)
FNDA:6,(anonymous_1)
FNDA:6,(anonymous_2)
DA:9,4
DA:10,6
DA:11,6
DA:12,6
LF:4
LH:4
BRF:0
BRH:0
end_of_record
TN:
SF:src/components/Avatar/index.tsx
FN:13,(anonymous_0)
FNF:1
FNH:1
FNDA:6,(anonymous_0)
DA:13,4
DA:20,6
LF:2
LH:2
BRDA:14,0,0,0
BRDA:15,1,0,0
BRDA:17,2,0,0
BRF:3
BRH:0
end_of_record
TN:
SF:src/components/Button/index.styled.ts
FN:11,(anonymous_0)
FN:12,(anonymous_1)
FN:13,(anonymous_2)
FN:21,(anonymous_3)
FNF:4
FNH:4
FNDA:28,(anonymous_0)
FNDA:28,(anonymous_1)
FNDA:28,(anonymous_2)
FNDA:12,(anonymous_3)
DA:10,4
DA:11,28
DA:12,28
DA:13,28
DA:18,4
DA:21,12
LF:6
LH:6
BRDA:11,0,0,28
BRDA:11,0,1,28
BRDA:12,1,0,28
BRDA:12,1,1,28
BRDA:21,2,0,12
BRDA:21,2,1,10
BRF:6
BRH:6
end_of_record
TN:
SF:src/components/Button/index.tsx
FN:14,(anonymous_0)
FNF:1
FNH:1
FNDA:28,(anonymous_0)
DA:14,4
DA:22,28
LF:2
LH:2
BRDA:15,0,0,27
BRDA:16,1,0,27
BRDA:18,2,0,0
BRDA:23,3,0,12
BRDA:23,3,1,16
BRF:5
BRH:4
end_of_record
TN:
SF:src/components/CardItem/index.styled.ts
FN:13,(anonymous_0)
FN:15,(anonymous_1)
FN:22,(anonymous_2)
FN:23,(anonymous_3)
FN:24,(anonymous_4)
FN:29,(anonymous_5)
FN:30,(anonymous_6)
FN:43,(anonymous_7)
FN:44,(anonymous_8)
FN:45,(anonymous_9)
FN:49,(anonymous_10)
FN:50,(anonymous_11)
FN:51,(anonymous_12)
FNF:13
FNH:13
FNDA:2,(anonymous_0)
FNDA:2,(anonymous_1)
FNDA:2,(anonymous_2)
FNDA:2,(anonymous_3)
FNDA:2,(anonymous_4)
FNDA:2,(anonymous_5)
FNDA:2,(anonymous_6)
FNDA:2,(anonymous_7)
FNDA:2,(anonymous_8)
FNDA:2,(anonymous_9)
FNDA:4,(anonymous_10)
FNDA:4,(anonymous_11)
FNDA:4,(anonymous_12)
DA:12,2
DA:14,2
DA:16,2
DA:22,2
DA:23,2
DA:24,2
DA:28,2
DA:29,2
DA:30,2
DA:37,2
DA:42,2
DA:43,2
DA:44,2
DA:45,2
DA:48,2
DA:49,4
DA:50,4
DA:51,4
LF:18
LH:18
BRDA:14,0,0,2
BRDA:14,0,1,0
BRDA:16,1,0,2
BRDA:16,1,1,0
BRDA:22,2,0,2
BRDA:22,2,1,0
BRDA:24,3,0,2
BRDA:24,3,1,0
BRDA:29,4,0,2
BRDA:29,4,1,0
BRDA:30,5,0,2
BRDA:30,5,1,0
BRDA:44,6,0,2
BRDA:44,6,1,0
BRDA:45,7,0,2
BRDA:45,7,1,0
BRDA:50,8,0,4
BRDA:50,8,1,0
BRDA:51,9,0,4
BRDA:51,9,1,0
BRF:20
BRH:10
end_of_record
TN:
SF:src/components/CardItem/index.tsx
FN:21,(anonymous_0)
FN:26,(anonymous_1)
FNF:2
FNH:2
FNDA:2,(anonymous_0)
FNDA:1,(anonymous_1)
DA:21,2
DA:26,2
DA:27,1
DA:30,2
LF:4
LH:4
BRDA:41,0,0,2
BRDA:41,0,1,0
BRDA:42,1,0,2
BRDA:42,1,1,0
BRF:4
BRH:2
end_of_record
TN:
SF:src/components/Category/index.styled.ts
FN:17,(anonymous_0)
FN:32,(anonymous_1)
FN:44,(anonymous_2)
FN:48,(anonymous_3)
FNF:4
FNH:4
FNDA:6,(anonymous_0)
FNDA:6,(anonymous_1)
FNDA:6,(anonymous_2)
FNDA:6,(anonymous_3)
DA:10,2
DA:17,6
DA:21,2
DA:26,2
DA:32,6
DA:35,2
DA:42,2
DA:44,6
DA:47,2
DA:48,6
LF:10
LH:10
BRF:0
BRH:0
end_of_record
TN:
SF:src/components/Category/index.tsx
FN:22,(anonymous_0)
FN:28,(anonymous_1)
FNF:2
FNH:2
FNDA:6,(anonymous_0)
FNDA:3,(anonymous_1)
DA:22,2
DA:26,6
DA:28,6
DA:30,3
DA:32,1
DA:35,6
LF:6
LH:6
BRDA:30,0,0,2
BRDA:30,0,1,1
BRF:2
BRH:2
end_of_record
TN:
SF:src/components/Chip/index.styled.ts
FN:26,(anonymous_0)
FN:27,(anonymous_1)
FN:28,(anonymous_2)
FN:29,(anonymous_3)
FN:30,(anonymous_4)
FN:31,(anonymous_5)
FN:32,(anonymous_6)
FN:33,(anonymous_7)
FN:43,(anonymous_8)
FN:44,(anonymous_9)
FNF:10
FNH:10
FNDA:12,(anonymous_0)
FNDA:12,(anonymous_1)
FNDA:12,(anonymous_2)
FNDA:12,(anonymous_3)
FNDA:12,(anonymous_4)
FNDA:12,(anonymous_5)
FNDA:12,(anonymous_6)
FNDA:12,(anonymous_7)
FNDA:12,(anonymous_8)
FNDA:12,(anonymous_9)
DA:25,2
DA:26,12
DA:27,12
DA:28,12
DA:29,12
DA:30,12
DA:31,12
DA:32,12
DA:34,12
DA:39,2
DA:43,12
DA:44,12
LF:12
LH:12
BRDA:29,0,0,10
BRDA:29,0,1,2
BRDA:30,1,0,12
BRDA:30,1,1,12
BRDA:31,2,0,12
BRDA:31,2,1,12
BRDA:32,3,0,12
BRDA:32,3,1,12
BRDA:34,4,0,12
BRDA:34,4,1,0
BRF:10
BRH:9
end_of_record
TN:
SF:src/components/Chip/index.tsx
FN:23,(anonymous_0)
FNF:1
FNH:1
FNDA:12,(anonymous_0)
DA:23,2
DA:35,12
LF:2
LH:2
BRDA:43,0,0,12
BRDA:43,0,1,0
BRDA:49,1,0,12
BRDA:49,1,1,12
BRF:4
BRH:3
end_of_record
TN:
SF:src/components/ErrorBoundary/index.tsx
FN:17,(anonymous_0)
FN:22,(anonymous_1)
FN:30,(anonymous_2)
FNF:3
FNH:3
FNDA:9,(anonymous_0)
FNDA:1,(anonymous_1)
FNDA:6,(anonymous_2)
DA:18,9
DA:19,5
DA:24,1
DA:31,6
DA:32,6
DA:34,6
DA:35,1
DA:45,5
LF:8
LH:8
BRDA:34,0,0,1
BRDA:34,0,1,5
BRDA:39,1,0,1
BRDA:39,1,1,1
BRF:4
BRH:4
end_of_record
TN:
SF:src/components/Header/index.styled.ts
FN:8,(anonymous_0)
FNF:1
FNH:0
FNDA:0,(anonymous_0)
DA:5,0
DA:8,0
DA:11,0
DA:16,0
LF:4
LH:0
BRF:0
BRH:0
end_of_record
TN:
SF:src/components/Header/index.tsx
FN:20,(anonymous_0)
FNF:1
FNH:0
FNDA:0,(anonymous_0)
DA:20,0
DA:25,0
LF:2
LH:0
BRDA:42,0,0,0
BRDA:42,0,1,0
BRF:2
BRH:0
end_of_record
TN:
SF:src/components/Icon/ArrowIcon.tsx
FN:3,(anonymous_0)
FNF:1
FNH:1
FNDA:10,(anonymous_0)
DA:3,6
DA:4,10
LF:2
LH:2
BRF:0
BRH:0
end_of_record
TN:
SF:src/components/Icon/ArrowRightIcon.tsx
FN:3,(anonymous_0)
FNF:1
FNH:0
FNDA:0,(anonymous_0)
DA:3,6
DA:4,0
LF:2
LH:1
BRF:0
BRH:0
end_of_record
TN:
SF:src/components/Icon/DarkIcon.tsx
FN:3,(anonymous_0)
FNF:1
FNH:1
FNDA:3,(anonymous_0)
DA:3,6
DA:4,3
LF:2
LH:2
BRF:0
BRH:0
end_of_record
TN:
SF:src/components/Icon/FilterIcon.tsx
FN:3,(anonymous_0)
FNF:1
FNH:0
FNDA:0,(anonymous_0)
DA:3,6
DA:4,0
LF:2
LH:1
BRF:0
BRH:0
end_of_record
TN:
SF:src/components/Icon/GridIcon.tsx
FN:3,(anonymous_0)
FNF:1
FNH:1
FNDA:5,(anonymous_0)
DA:3,6
DA:4,5
LF:2
LH:2
BRF:0
BRH:0
end_of_record
TN:
SF:src/components/Icon/LightIcon.tsx
FN:3,(anonymous_0)
FNF:1
FNH:0
FNDA:0,(anonymous_0)
DA:3,6
DA:4,0
LF:2
LH:1
BRF:0
BRH:0
end_of_record
TN:
SF:src/components/Icon/ListIcon.tsx
FN:3,(anonymous_0)
FNF:1
FNH:1
FNDA:10,(anonymous_0)
DA:3,6
DA:4,10
LF:2
LH:2
BRF:0
BRH:0
end_of_record
TN:
SF:src/components/Icon/SearchIcon.tsx
FN:3,(anonymous_0)
FNF:1
FNH:1
FNDA:3,(anonymous_0)
DA:3,6
DA:4,3
LF:2
LH:2
BRF:0
BRH:0
end_of_record
TN:
SF:src/components/Icon/XmarkIcon.tsx
FN:3,(anonymous_0)
FNF:1
FNH:1
FNDA:5,(anonymous_0)
DA:3,6
DA:4,5
LF:2
LH:2
BRF:0
BRH:0
end_of_record
TN:
SF:src/components/Icon/index.tsx
FNF:0
FNH:0
LF:0
LH:0
BRF:0
BRH:0
end_of_record
TN:
SF:src/components/Input/index.styled.ts
FN:25,(anonymous_0)
FN:26,(anonymous_1)
FN:27,(anonymous_2)
FN:28,(anonymous_3)
FNF:4
FNH:4
FNDA:3,(anonymous_0)
FNDA:3,(anonymous_1)
FNDA:3,(anonymous_2)
FNDA:3,(anonymous_3)
DA:12,1
DA:17,1
DA:24,1
DA:25,3
DA:26,3
DA:27,3
DA:28,3
LF:7
LH:7
BRF:0
BRH:0
end_of_record
TN:
SF:src/components/Input/index.tsx
FN:18,(anonymous_0)
FNF:1
FNH:1
FNDA:3,(anonymous_0)
DA:18,1
DA:27,3
LF:2
LH:2
BRDA:19,0,0,0
BRDA:20,1,0,0
BRF:2
BRH:0
end_of_record
TN:
SF:src/components/Modal/DetailModal/index.styled.ts
FN:34,(anonymous_0)
FN:43,(anonymous_1)
FN:56,(anonymous_2)
FNF:3
FNH:3
FNDA:3,(anonymous_0)
FNDA:3,(anonymous_1)
FNDA:9,(anonymous_2)
DA:10,1
DA:19,1
DA:27,1
DA:31,1
DA:34,3
DA:37,1
DA:42,1
DA:43,3
DA:49,1
DA:55,1
DA:56,9
DA:59,1
DA:65,1
DA:69,1
DA:78,1
DA:83,1
LF:16
LH:16
BRF:0
BRH:0
end_of_record
TN:
SF:src/components/Modal/DetailModal/index.tsx
FN:36,(anonymous_0)
FN:44,(anonymous_1)
FN:48,(anonymous_2)
FNF:3
FNH:3
FNDA:3,(anonymous_0)
FNDA:3,(anonymous_1)
FNDA:3,(anonymous_2)
DA:36,1
DA:44,3
DA:45,3
DA:48,3
DA:51,3
LF:5
LH:5
BRDA:107,0,0,3
BRDA:107,0,1,0
BRDA:109,1,0,3
BRDA:109,1,1,0
BRF:4
BRH:2
end_of_record
TN:
SF:src/components/Modal/FilterModal/index.styled.ts
FN:18,(anonymous_0)
FN:19,(anonymous_1)
FN:20,(anonymous_2)
FN:21,(anonymous_3)
FNF:4
FNH:4
FNDA:5,(anonymous_0)
FNDA:5,(anonymous_1)
FNDA:5,(anonymous_2)
FNDA:5,(anonymous_3)
DA:13,1
DA:17,1
DA:18,5
DA:19,5
DA:20,5
DA:21,5
DA:39,1
DA:44,1
DA:50,1
DA:54,1
DA:58,1
LF:11
LH:11
BRF:0
BRH:0
end_of_record
TN:
SF:src/components/Modal/FilterModal/index.tsx
FN:32,(anonymous_0)
FNF:1
FNH:1
FNDA:5,(anonymous_0)
DA:32,1
DA:46,5
DA:48,5
LF:3
LH:3
BRDA:58,0,0,4
BRDA:58,0,1,1
BRDA:71,1,0,4
BRDA:71,1,1,1
BRDA:85,2,0,4
BRDA:85,2,1,1
BRDA:86,3,0,4
BRDA:86,3,1,1
BRDA:100,4,0,0
BRDA:100,4,1,5
BRDA:101,5,0,0
BRDA:101,5,1,5
BRF:12
BRH:10
end_of_record
TN:
SF:src/components/Spinner/index.tsx
FN:28,(anonymous_0)
FNF:1
FNH:1
FNDA:1,(anonymous_0)
DA:5,3
DA:11,3
DA:19,3
DA:28,3
DA:29,1
LF:5
LH:5
BRF:0
BRH:0
end_of_record
TN:
SF:src/components/ToggleButton/index.styled.ts
FN:16,(anonymous_0)
FN:17,(anonymous_1)
FN:18,(anonymous_2)
FN:19,(anonymous_3)
FN:20,(anonymous_4)
FN:22,(anonymous_5)
FN:23,(anonymous_6)
FNF:7
FNH:7
FNDA:5,(anonymous_0)
FNDA:5,(anonymous_1)
FNDA:5,(anonymous_2)
FNDA:5,(anonymous_3)
FNDA:5,(anonymous_4)
FNDA:5,(anonymous_5)
FNDA:5,(anonymous_6)
DA:15,2
DA:16,5
DA:17,5
DA:18,5
DA:19,5
DA:20,5
DA:22,5
DA:23,5
LF:8
LH:8
BRDA:16,0,0,5
BRDA:16,0,1,5
BRDA:17,1,0,5
BRDA:17,1,1,5
BRDA:18,2,0,5
BRDA:18,2,1,5
BRDA:19,3,0,5
BRDA:19,3,1,5
BRDA:20,4,0,5
BRDA:20,4,1,5
BRDA:22,5,0,0
BRDA:22,5,1,5
BRDA:23,6,0,0
BRDA:23,6,1,5
BRF:14
BRH:12
end_of_record
TN:
SF:src/components/ToggleButton/index.tsx
FN:14,(anonymous_0)
FNF:1
FNH:1
FNDA:5,(anonymous_0)
DA:14,2
DA:23,5
LF:2
LH:2
BRF:0
BRH:0
end_of_record
TN:
SF:src/constants/actions.ts
FNF:0
FNH:0
DA:1,0
LF:1
LH:0
BRF:0
BRH:0
end_of_record
TN:
SF:src/constants/api.ts
FNF:0
FNH:0
DA:1,9
DA:3,9
LF:2
LH:2
BRF:0
BRH:0
end_of_record
TN:
SF:src/constants/message.ts
FNF:0
FNH:0
DA:1,1
DA:2,1
LF:2
LH:2
BRF:0
BRH:0
end_of_record
TN:
SF:src/constants/mockData.ts
FNF:0
FNH:0
DA:1,10
DA:3,10
DA:14,10
DA:21,10
DA:36,10
LF:5
LH:5
BRF:0
BRH:0
end_of_record
TN:
SF:src/contexts/AppContext.tsx
FN:10,(anonymous_0)
FNF:1
FNH:1
FNDA:5,(anonymous_0)
DA:10,4
DA:11,5
LF:2
LH:2
BRF:0
BRH:0
end_of_record
TN:
SF:src/contexts/BooksContext.tsx
FN:42,(anonymous_0)
FN:57,(anonymous_1)
FN:62,(anonymous_2)
FN:74,(anonymous_3)
FN:75,(anonymous_4)
FN:83,(anonymous_5)
FN:84,(anonymous_6)
FN:88,(anonymous_7)
FN:90,(anonymous_8)
FN:99,(anonymous_9)
FN:105,(anonymous_10)
FN:107,(anonymous_11)
FN:116,(anonymous_12)
FN:123,(anonymous_13)
FN:136,(anonymous_14)
FNF:15
FNH:3
FNDA:12,(anonymous_0)
FNDA:6,(anonymous_1)
FNDA:0,(anonymous_2)
FNDA:0,(anonymous_3)
FNDA:0,(anonymous_4)
FNDA:0,(anonymous_5)
FNDA:0,(anonymous_6)
FNDA:0,(anonymous_7)
FNDA:0,(anonymous_8)
FNDA:0,(anonymous_9)
FNDA:0,(anonymous_10)
FNDA:0,(anonymous_11)
FNDA:0,(anonymous_12)
FNDA:0,(anonymous_13)
FNDA:12,(anonymous_14)
DA:39,7
DA:42,7
DA:43,12
DA:45,12
DA:47,12
DA:48,12
DA:55,12
DA:57,12
DA:58,6
DA:62,12
DA:63,0
DA:67,0
DA:69,0
DA:73,12
DA:75,0
DA:77,0
DA:83,12
DA:84,0
DA:88,12
DA:90,0
DA:91,0
DA:99,0
DA:101,0
DA:105,12
DA:107,0
DA:108,0
DA:116,0
DA:118,0
DA:122,12
DA:124,0
DA:128,0
DA:130,0
DA:135,12
DA:136,12
DA:166,12
LF:35
LH:18
BRDA:67,0,0,0
BRDA:67,0,1,0
BRDA:75,1,0,0
BRDA:75,1,1,0
BRDA:91,2,0,0
BRDA:91,2,1,0
BRDA:91,3,0,0
BRDA:91,3,1,0
BRDA:92,4,0,0
BRDA:92,4,1,0
BRDA:108,5,0,0
BRDA:108,5,1,0
BRDA:108,6,0,0
BRDA:108,6,1,0
BRDA:109,7,0,0
BRDA:109,7,1,0
BRDA:128,8,0,0
BRDA:128,8,1,0
BRDA:137,9,0,12
BRDA:137,9,1,6
BRF:20
BRH:2
end_of_record
TN:
SF:src/contexts/CategoriesContext.tsx
FN:33,(anonymous_0)
FN:44,(anonymous_1)
FN:52,(anonymous_2)
FN:53,(anonymous_3)
FN:53,(anonymous_4)
FN:59,(anonymous_5)
FN:61,(anonymous_6)
FN:68,(anonymous_7)
FN:73,(anonymous_8)
FNF:9
FNH:3
FNDA:10,(anonymous_0)
FNDA:0,(anonymous_1)
FNDA:0,(anonymous_2)
FNDA:0,(anonymous_3)
FNDA:0,(anonymous_4)
FNDA:0,(anonymous_5)
FNDA:0,(anonymous_6)
FNDA:5,(anonymous_7)
FNDA:10,(anonymous_8)
DA:28,5
DA:33,5
DA:34,10
DA:35,10
DA:38,10
DA:43,10
DA:45,0
DA:51,10
DA:53,0
DA:58,10
DA:61,0
DA:63,0
DA:68,10
DA:69,5
DA:72,10
DA:73,10
DA:90,10
LF:17
LH:13
BRDA:74,0,0,10
BRDA:74,0,1,5
BRF:2
BRH:2
end_of_record
TN:
SF:src/hooks/index.ts
FNF:0
FNH:0
LF:0
LH:0
BRF:0
BRH:0
end_of_record
TN:
SF:src/hooks/useBooks.ts
FN:5,(anonymous_0)
FNF:1
FNH:1
FNDA:8,(anonymous_0)
DA:5,8
LF:1
LH:1
BRF:0
BRH:0
end_of_record
TN:
SF:src/hooks/useCategories.ts
FN:5,(anonymous_0)
FNF:1
FNH:1
FNDA:7,(anonymous_0)
DA:5,7
LF:1
LH:1
BRF:0
BRH:0
end_of_record
TN:
SF:src/hooks/useDebounce.ts
FN:3,(anonymous_0)
FN:6,(anonymous_1)
FN:7,(anonymous_2)
FN:9,(anonymous_3)
FNF:4
FNH:4
FNDA:2,(anonymous_0)
FNDA:2,(anonymous_1)
FNDA:2,(anonymous_2)
FNDA:2,(anonymous_3)
DA:3,3
DA:4,2
DA:6,2
DA:7,2
DA:9,2
DA:10,2
DA:14,2
LF:7
LH:7
BRDA:7,0,0,2
BRDA:7,0,1,1
BRF:2
BRH:2
end_of_record
TN:
SF:src/hooks/useFetching.ts
FN:6,(anonymous_0)
FN:13,(anonymous_1)
FNF:2
FNH:2
FNDA:22,(anonymous_0)
FNDA:9,(anonymous_1)
DA:6,7
DA:13,22
DA:15,22
DA:17,22
LF:4
LH:4
BRF:0
BRH:0
end_of_record
TN:
SF:src/pages/Home/index.styled.ts
FNF:0
FNH:0
DA:3,0
LF:1
LH:0
BRF:0
BRH:0
end_of_record
TN:
SF:src/pages/Home/index.tsx
FN:31,(anonymous_0)
FN:32,(anonymous_1)
FN:34,(anonymous_2)
FN:49,(anonymous_3)
FN:55,(anonymous_4)
FN:68,(anonymous_5)
FN:70,(anonymous_6)
FN:80,(anonymous_7)
FN:85,(anonymous_8)
FN:86,(anonymous_9)
FN:90,(anonymous_10)
FN:97,(anonymous_11)
FN:98,(anonymous_12)
FNF:13
FNH:0
FNDA:0,(anonymous_0)
FNDA:0,(anonymous_1)
FNDA:0,(anonymous_2)
FNDA:0,(anonymous_3)
FNDA:0,(anonymous_4)
FNDA:0,(anonymous_5)
FNDA:0,(anonymous_6)
FNDA:0,(anonymous_7)
FNDA:0,(anonymous_8)
FNDA:0,(anonymous_9)
FNDA:0,(anonymous_10)
FNDA:0,(anonymous_11)
FNDA:0,(anonymous_12)
DA:31,0
DA:32,0
DA:34,0
DA:35,0
DA:37,0
DA:39,0
DA:41,0
DA:42,0
DA:44,0
DA:45,0
DA:46,0
DA:49,0
DA:50,0
DA:54,0
DA:56,0
DA:58,0
DA:61,0
DA:62,0
DA:68,0
DA:70,0
DA:71,0
DA:74,0
DA:75,0
DA:80,0
DA:81,0
DA:82,0
DA:85,0
DA:86,0
DA:90,0
DA:91,0
DA:92,0
DA:97,0
DA:98,0
DA:101,0
LF:34
LH:0
BRDA:61,0,0,0
BRDA:61,0,1,0
BRDA:74,1,0,0
BRDA:74,1,1,0
BRDA:91,2,0,0
BRDA:91,2,1,0
BRDA:102,3,0,0
BRDA:102,3,1,0
BRDA:118,4,0,0
BRDA:118,4,1,0
BRDA:127,5,0,0
BRDA:127,5,1,0
BRF:12
BRH:0
end_of_record
TN:
SF:src/pages/Home/components/Books/index.styled.ts
FN:8,(anonymous_0)
FN:12,(anonymous_1)
FNF:2
FNH:2
FNDA:2,(anonymous_0)
FNDA:2,(anonymous_1)
DA:7,1
DA:8,2
DA:12,2
LF:3
LH:3
BRDA:8,0,0,2
BRDA:8,0,1,0
BRF:2
BRH:1
end_of_record
TN:
SF:src/pages/Home/components/Books/index.tsx
FN:21,(anonymous_0)
FN:32,(anonymous_1)
FNF:2
FNH:1
FNDA:2,(anonymous_0)
FNDA:0,(anonymous_1)
DA:21,1
DA:25,2
DA:27,2
DA:33,0
LF:4
LH:3
BRDA:27,0,0,0
BRDA:27,0,1,2
BRDA:31,1,0,0
BRDA:31,1,1,2
BRDA:46,2,0,2
BRDA:46,2,1,0
BRF:6
BRH:3
end_of_record
TN:
SF:src/pages/Home/components/LabelButton/index.styled.ts
FNF:0
FNH:0
DA:5,2
LF:1
LH:1
BRF:0
BRH:0
end_of_record
TN:
SF:src/pages/Home/components/LabelButton/index.tsx
FN:7,(anonymous_0)
FNF:1
FNH:1
FNDA:5,(anonymous_0)
DA:7,2
DA:8,5
LF:2
LH:2
BRF:0
BRH:0
end_of_record
TN:
SF:src/pages/Home/components/SideBar/index.styled.ts
FN:9,(anonymous_0)
FN:18,(anonymous_1)
FNF:2
FNH:2
FNDA:1,(anonymous_0)
FNDA:1,(anonymous_1)
DA:7,1
DA:9,1
DA:14,1
DA:18,1
LF:4
LH:4
BRF:0
BRH:0
end_of_record
TN:
SF:src/pages/Home/components/SideBar/index.tsx
FN:18,(anonymous_0)
FN:24,(anonymous_1)
FN:38,(anonymous_2)
FNF:3
FNH:2
FNDA:1,(anonymous_0)
FNDA:0,(anonymous_1)
FNDA:2,(anonymous_2)
DA:18,1
DA:19,1
DA:20,1
DA:23,1
DA:25,0
DA:28,0
DA:33,1
DA:39,2
LF:8
LH:6
BRF:0
BRH:0
end_of_record
TN:
SF:src/pages/Home/components/SubHeader/index.styled.ts
FN:15,(anonymous_0)
FN:20,(anonymous_1)
FN:31,(anonymous_2)
FNF:3
FNH:0
FNDA:0,(anonymous_0)
FNDA:0,(anonymous_1)
FNDA:0,(anonymous_2)
DA:10,0
DA:15,0
DA:18,0
DA:20,0
DA:23,0
DA:30,0
DA:31,0
LF:7
LH:0
BRF:0
BRH:0
end_of_record
TN:
SF:src/pages/Home/components/SubHeader/index.tsx
FN:24,(anonymous_0)
FN:38,(anonymous_1)
FN:41,(anonymous_2)
FN:60,(anonymous_3)
FN:72,(anonymous_4)
FNF:5
FNH:0
FNDA:0,(anonymous_0)
FNDA:0,(anonymous_1)
FNDA:0,(anonymous_2)
FNDA:0,(anonymous_3)
FNDA:0,(anonymous_4)
DA:24,0
DA:28,0
DA:30,0
DA:32,0
DA:34,0
DA:37,0
DA:39,0
DA:41,0
DA:44,0
DA:45,0
DA:47,0
DA:50,0
DA:55,0
DA:61,0
DA:72,0
LF:15
LH:0
BRDA:44,0,0,0
BRDA:44,0,1,0
BRF:2
BRH:0
end_of_record
TN:
SF:src/services/APIRequest.ts
FN:3,(anonymous_0)
FNF:1
FNH:1
FNDA:9,(anonymous_0)
DA:3,8
DA:4,9
DA:5,9
DA:7,9
DA:12,8
DA:19,8
LF:6
LH:6
BRF:0
BRH:0
end_of_record
TN:
SF:src/styled-common/backdrop.ts
FNF:0
FNH:0
DA:3,5
LF:1
LH:1
BRF:0
BRH:0
end_of_record
TN:
SF:src/styled-common/index.ts
FNF:0
FNH:0
LF:0
LH:0
BRF:0
BRH:0
end_of_record
TN:
SF:src/styled-common/layout.ts
FNF:0
FNH:0
DA:3,6
DA:9,6
DA:14,6
DA:19,6
DA:24,6
DA:29,6
DA:34,6
LF:7
LH:7
BRF:0
BRH:0
end_of_record
TN:
SF:src/styled-common/paragraph.ts
FNF:0
FNH:0
DA:4,6
DA:9,6
DA:13,6
DA:18,6
DA:23,6
DA:29,6
DA:34,6
DA:41,6
DA:46,6
DA:52,6
DA:69,6
LF:11
LH:11
BRF:0
BRH:0
end_of_record
TN:
SF:src/test/setupTest.ts
FNF:0
FNH:0
DA:3,0
LF:1
LH:0
BRF:0
BRH:0
end_of_record
TN:
SF:src/themes/colors.ts
FNF:0
FNH:0
DA:1,12
DA:26,12
DA:36,12
LF:3
LH:3
BRF:0
BRH:0
end_of_record
TN:
SF:src/themes/fonts.ts
FNF:0
FNH:0
DA:1,12
DA:11,12
DA:21,12
DA:27,12
LF:4
LH:4
BRF:0
BRH:0
end_of_record
TN:
SF:src/themes/index.ts
FNF:0
FNH:0
LF:0
LH:0
BRF:0
BRH:0
end_of_record
TN:
SF:src/themes/metrics.ts
FNF:0
FNH:0
DA:1,12
DA:13,12
DA:26,12
DA:36,12
DA:48,12
DA:57,12
LF:6
LH:6
BRF:0
BRH:0
end_of_record
TN:
SF:src/types/book.ts
FNF:0
FNH:0
LF:0
LH:0
BRF:0
BRH:0
end_of_record
TN:
SF:src/types/category.ts
FNF:0
FNH:0
LF:0
LH:0
BRF:0
BRH:0
end_of_record
TN:
SF:src/utils/api.tsx
FNF:0
FNH:0
DA:4,0
LF:1
LH:0
BRF:0
BRH:0
end_of_record
TN:
SF:src/utils/generateUrl.ts
FN:8,(anonymous_0)
FNF:1
FNH:1
FNDA:2,(anonymous_0)
DA:8,8
DA:9,2
DA:10,2
DA:12,2
DA:14,1
LF:5
LH:5
BRDA:12,0,0,1
BRDA:12,0,1,1
BRF:2
BRH:2
end_of_record
TN:
SF:src/utils/testUtils.tsx
FN:7,(anonymous_0)
FNF:1
FNH:1
FNDA:3,(anonymous_0)
DA:7,3
DA:8,3
LF:2
LH:2
BRF:0
BRH:0
end_of_record
